{"logLevel":"debug","message":"multithreading is set to false"}
{"logLevel":"debug","message":"Using reflection to scan dependencies for gauge implementations..."}
SLF4J: A number (18) of logging calls during the initialization phase have been intercepted and are
SLF4J: now being replayed. These are subject to the filtering rules of the underlying logging system.
SLF4J: See also http://www.slf4j.org/codes.html#replay
{"logLevel":"debug","message":"gauge-java took 1259milliseconds to load and scan. This should be less than 'runner_connection_timeout' config value."}
{"logLevel":"debug","message":"run 'gauge config runner_connection_timeout' and verify that it is < 1259"}
{"logLevel":"debug","message":"starting gRPC server..."}
2023-06-10 08:12:41 INFO  Reflections:219 scan - Reflections took 3268 ms to scan 127 urls, producing 11198 keys and 62948 values
{"logLevel":"debug","message":"Scanning packages for steps"}
{"logLevel":"debug","message":"Comparing 'org.enuygun.step.BaseSteps.waitBySeconds' and 'org.enuygun.step.BaseSteps.waitBySeconds'"}
{"logLevel":"debug","message":"Found {} saniye beklenir in current project scope."}
{"logLevel":"debug","message":"Comparing 'org.enuygun.step.BaseSteps.sendKeys' and 'org.enuygun.step.BaseSteps.sendKeys'"}
{"logLevel":"debug","message":"Found {} elementine {} texti yazılır in current project scope."}
{"logLevel":"debug","message":"Comparing 'org.enuygun.step.BaseSteps.clickElement' and 'org.enuygun.step.BaseSteps.clickElement'"}
{"logLevel":"debug","message":"Found {} elementine tıklanır in current project scope."}
{"logLevel":"debug","message":"Comparing 'org.enuygun.step.BaseSteps.checkElement' and 'org.enuygun.step.BaseSteps.checkElement'"}
{"logLevel":"debug","message":"Found {} elementinin görünürlüğü kontrol edilir in current project scope."}
{"logLevel":"debug","message":"Comparing 'org.enuygun.step.BaseSteps.selectDate' and 'org.enuygun.step.BaseSteps.selectDate'"}
{"logLevel":"debug","message":"Found Gün-Ay-Yıl(ddMMyy) formatında {}-{}-{} bilet tarihi girişi yapılır in current project scope."}
{"logLevel":"debug","message":"Comparing 'org.enuygun.step.BaseSteps.passengerSelection' and 'org.enuygun.step.BaseSteps.passengerSelection'"}
{"logLevel":"debug","message":"Found {} biletini {} adet {} biletini {} adet {} biletini {} adet {} biletini {} {} biletini {} adet arttır in current project scope."}
{"logLevel":"debug","message":"Comparing 'org.enuygun.step.BaseSteps.goToUrl' and 'org.enuygun.step.BaseSteps.goToUrl'"}
{"logLevel":"debug","message":"Found {} adresine gidilir in current project scope."}
{"logLevel":"debug","message":"Comparing 'org.enuygun.step.BaseSteps.selectionCheckbox' and 'org.enuygun.step.BaseSteps.selectionCheckbox'"}
{"logLevel":"debug","message":"Found {} checkboxı seçili degilse seçilir in current project scope."}
{"logLevel":"debug","message":"Comparing 'org.enuygun.step.BaseSteps.clickToElementWithJavaScript' and 'org.enuygun.step.BaseSteps.clickToElementWithJavaScript'"}
{"logLevel":"debug","message":"Found {} elementine javascript ile tıklanır in current project scope."}
{"logLevel":"debug","message":"Comparing 'org.enuygun.step.BaseSteps.unselectedCheckbox' and 'org.enuygun.step.BaseSteps.unselectedCheckbox'"}
{"logLevel":"debug","message":"Found {} checkboxı seçili ise seçim kaldırılır in current project scope."}
{"logLevel":"debug","message":"Scanning packages for hooks"}
{"logLevel":"debug","message":"Scanned steps (using static parsing + reflections): "}
{"logLevel":"debug","message":"\t{} checkboxı seçili ise seçim kaldırılır : public void unselectedCheckbox(String key)"}
{"logLevel":"debug","message":"\t{} elementine {} texti yazılır : public void sendKeys(String key, String text)"}
{"logLevel":"debug","message":"\t{} elementinin görünürlüğü kontrol edilir : public void checkElement(String key)"}
{"logLevel":"debug","message":"\t{} elementine javascript ile tıklanır : public void clickToElementWithJavaScript(String key)"}
{"logLevel":"debug","message":"\t{} elementine tıklanır : public void clickElement(String key)"}
{"logLevel":"debug","message":"\t{} saniye beklenir : public void waitBySeconds(ınt saniye) throws InterruptedException"}
{"logLevel":"debug","message":"\tGün-Ay-Yıl(ddMMyy) formatında {}-{}-{} bilet tarihi girişi yapılır : public void selectDate(String day, String month, ınt year) throws InterruptedException"}
{"logLevel":"debug","message":"\t{} adresine gidilir : public void goToUrl(String url)"}
{"logLevel":"debug","message":"\t{} biletini {} adet {} biletini {} adet {} biletini {} adet {} biletini {} {} biletini {} adet arttır : public void passengerSelection(String yetiskin, ınt adet1, String cocuk, ınt adet2, String bebek, ınt adet3, String yas65, ınt adet4, String ogrenci, ınt adet5)"}
{"logLevel":"debug","message":"\t{} checkboxı seçili degilse seçilir : public void selectionCheckbox(String key)"}
{"logLevel":"debug","message":"started gRPC server on port 64661"}
{"logLevel":"info","message":"Listening on port:64661"}
2023-06-10 08:12:44 INFO  Reflections:219 scan - Reflections took 850 ms to scan 127 urls, producing 11099 keys and 51964 values
2023-06-10 08:12:44 INFO  WebDriverManager:632 resolveDriverVersion - Using chromedriver 114.0.5735.90 (resolved driver for Chrome 114)
2023-06-10 08:12:45 INFO  WebDriverManager:689 exportDriver - Exporting webdriver.chrome.driver as /Users/testinium/.cache/selenium/chromedriver/mac64/114.0.5735.90/chromedriver
Haz 10, 2023 8:12:45 AM org.openqa.selenium.remote.service.DriverService$Builder getLogOutput
INFO: Driver logs no longer sent to console by default; https://www.selenium.dev/documentation/webdriver/drivers/service/#setting-log-output
{"logLevel":"debug","message":"Executing '{} adresine gidilir' using 'class org.enuygun.step.BaseSteps.goToUrl"}
{"logLevel":"debug","message":"Executing '{} elementine tıklanır' using 'class org.enuygun.step.BaseSteps.clickElement"}
2023-06-10 08:13:22 INFO  BaseSteps:81 clickElement - neredenPlaceholder elementine tiklandi
{"logLevel":"debug","message":"Executing '{} elementine {} texti yazılır' using 'class org.enuygun.step.BaseSteps.sendKeys"}
2023-06-10 08:13:25 INFO  BaseSteps:102 sendKeys - neredenPlaceholder elementine Samsun texti yazildi
{"logLevel":"debug","message":"Executing '{} elementine tıklanır' using 'class org.enuygun.step.BaseSteps.clickElement"}
2023-06-10 08:13:31 INFO  BaseSteps:81 clickElement - gidisSecim elementine tiklandi
{"logLevel":"debug","message":"Executing '{} elementine tıklanır' using 'class org.enuygun.step.BaseSteps.clickElement"}
2023-06-10 08:13:33 INFO  BaseSteps:81 clickElement - nereyePlaceholder elementine tiklandi
{"logLevel":"debug","message":"Executing '{} elementine {} texti yazılır' using 'class org.enuygun.step.BaseSteps.sendKeys"}
2023-06-10 08:13:36 INFO  BaseSteps:102 sendKeys - nereyePlaceholder elementine Ankara texti yazildi
{"logLevel":"debug","message":"Executing '{} elementine tıklanır' using 'class org.enuygun.step.BaseSteps.clickElement"}
2023-06-10 08:13:37 INFO  BaseSteps:81 clickElement - donusSecim elementine tiklandi
{"logLevel":"debug","message":"Executing '{} checkboxı seçili ise seçim kaldırılır' using 'class org.enuygun.step.BaseSteps.unselectedCheckbox"}
Tek yon checkboxi secili.true
2023-06-10 08:13:42 INFO  BaseSteps:81 clickElement - tekYonCheckbox elementine tiklandi
ek yon checkboxi secildi.
{"logLevel":"debug","message":"Executing '{} elementine tıklanır' using 'class org.enuygun.step.BaseSteps.clickElement"}
2023-06-10 08:13:44 INFO  BaseSteps:81 clickElement - gidisTarihiPlaceholder elementine tiklandi
{"logLevel":"debug","message":"Executing 'Gün-Ay-Yıl(ddMMyy) formatında {}-{}-{} bilet tarihi girişi yapılır' using 'class org.enuygun.step.BaseSteps.selectDate"}
Ay ve yıl bilgisi : Temmuz 2023
2023-06-10 08:13:48 INFO  BaseSteps:81 clickElement - gelecekAyButonu elementine tiklandi
Elemente tiklandi..
{"logLevel":"debug","message":"Executing '{} elementine javascript ile tıklanır' using 'class org.enuygun.step.BaseSteps.clickToElementWithJavaScript"}
2023-06-10 08:13:54 INFO  BaseSteps:94 clickToElementWithJavaScript - donusTarihiPlaceholder elementine javascript ile tiklandi
{"logLevel":"debug","message":"Executing 'Gün-Ay-Yıl(ddMMyy) formatında {}-{}-{} bilet tarihi girişi yapılır' using 'class org.enuygun.step.BaseSteps.selectDate"}
Ay ve yıl bilgisi : Eylül 2023
2023-06-10 08:13:56 INFO  BaseSteps:81 clickElement - gelecekAyButonu elementine tiklandi
2023-06-10 08:13:59 INFO  BaseSteps:81 clickElement - gelecekAyButonu elementine tiklandi
{"logLevel":"debug","message":"Executing '{} checkboxı seçili degilse seçilir' using 'class org.enuygun.step.BaseSteps.selectionCheckbox"}
Aktarmasiz checkboxi seçili değilfalse
2023-06-10 08:14:03 INFO  BaseSteps:81 clickElement - aktarmasizCheckbox elementine tiklandi
Aktarmasiz checkboxi secildi.
{"logLevel":"debug","message":"Executing '{} elementine tıklanır' using 'class org.enuygun.step.BaseSteps.clickElement"}
2023-06-10 08:14:03 INFO  BaseSteps:81 clickElement - yolcuSecimPlaceholder elementine tiklandi
{"logLevel":"debug","message":"Executing '{} elementine tıklanır' using 'class org.enuygun.step.BaseSteps.clickElement"}
2023-06-10 08:14:04 INFO  BaseSteps:81 clickElement - businessButonu elementine tiklandi
{"logLevel":"debug","message":"Executing '{} biletini {} adet {} biletini {} adet {} biletini {} adet {} biletini {} {} biletini {} adet arttır' using 'class org.enuygun.step.BaseSteps.passengerSelection"}
2023-06-10 08:14:04 INFO  BaseSteps:81 clickElement - yetiskinYolcuSayisiArttirmaButonu elementine tiklandi
2023-06-10 08:14:05 INFO  BaseSteps:81 clickElement - yetiskinYolcuSayisiArttirmaButonu elementine tiklandi
2023-06-10 08:14:05 INFO  BaseSteps:81 clickElement - yetiskinYolcuSayisiAzaltmaButonu elementine tiklandi
2023-06-10 08:14:06 INFO  BaseSteps:81 clickElement - cocukYolcuSayisiArttirmaButonu elementine tiklandi
2023-06-10 08:14:06 INFO  BaseSteps:81 clickElement - bebekYolcuSayisiArttirmaButonu elementine tiklandi
2023-06-10 08:14:06 INFO  BaseSteps:81 clickElement - bebekYolcuSayisiArttirmaButonu elementine tiklandi
2023-06-10 08:14:06 INFO  BaseSteps:81 clickElement - 65YasYolcuSayisiArttirmaButonu elementine tiklandi
2023-06-10 08:14:07 INFO  BaseSteps:81 clickElement - 65YasYolcuSayisiArttirmaButonu elementine tiklandi
2023-06-10 08:14:07 INFO  BaseSteps:81 clickElement - 65YasYolcuSayisiArttirmaButonu elementine tiklandi
2023-06-10 08:14:07 INFO  BaseSteps:81 clickElement - ogrenciYolcuSayisiArttirmaButonu elementine tiklandi
2023-06-10 08:14:08 INFO  BaseSteps:81 clickElement - ogrenciYolcuSayisiArttirmaButonu elementine tiklandi
2023-06-10 08:14:08 INFO  BaseSteps:81 clickElement - yolcuTamamButonu elementine tiklandi
{"logLevel":"debug","message":"Executing '{} elementine tıklanır' using 'class org.enuygun.step.BaseSteps.clickElement"}
2023-06-10 08:15:13 INFO  BaseSteps:81 clickElement - ucuzBiletBulButonu elementine tiklandi
{"logLevel":"debug","message":"Executing '{} elementinin görünürlüğü kontrol edilir' using 'class org.enuygun.step.BaseSteps.checkElement"}
2023-06-10 08:15:13 INFO  BaseSteps:135 checkElement - aramayiFavorilereEkleButonuelementi gorundu.
{"logLevel":"debug","message":"Killing Java runner..."}
{"logLevel":"debug","message":"Stopping execution pool..."}
{"logLevel":"debug","message":"Shutting down grpc server..."}
{"logLevel":"debug","message":"Runner killed gracefully."}
