10-06-2023 07:58:24.379 [Gauge] [INFO] Initializing concepts cache with 2 concepts
10-06-2023 07:58:24.379 [Gauge] [DEBUG] Adding concepts from /Users/testinium/Desktop/EnuygunWebProject/specs/concept/enuygun.cpt
10-06-2023 07:58:24.379 [Gauge] [DEBUG] Adding concepts from /Users/testinium/Desktop/EnuygunWebProject/specs/concept/enuygun.cpt
10-06-2023 07:58:24.380 [Gauge] [INFO] Initializing specs cache with 1 specs
10-06-2023 07:58:24.380 [Gauge] [DEBUG] Adding specs from /Users/testinium/Desktop/EnuygunWebProject/specs/specs/enuygun.spec
10-06-2023 07:58:24.381 [Gauge] [INFO] Initializing steps cache with 2 steps
10-06-2023 07:58:24.381 [Gauge] [INFO] Gauge daemon initialized and listening on port: 60947
10-06-2023 07:58:24.381 [Gauge] [DEBUG] Watching directory: /Users/testinium/Desktop/EnuygunWebProject/specs
10-06-2023 07:58:24.381 [Gauge] [DEBUG] Found 2 files
10-06-2023 07:58:24.381 [Gauge] [DEBUG] Watching directory: /Users/testinium/Desktop/EnuygunWebProject/specs/concept
10-06-2023 07:58:24.381 [Gauge] [DEBUG] Found 1 files
10-06-2023 07:58:24.381 [Gauge] [DEBUG] Watching directory: /Users/testinium/Desktop/EnuygunWebProject/specs/specs
10-06-2023 07:58:24.381 [Gauge] [DEBUG] Found 1 files
10-06-2023 07:58:29.792 [Gauge] [DEBUG] Api Request Received: messageType:GetStepValueRequest messageId:4 stepValueRequest:{stepText:"<url> adresine gidilir"}
10-06-2023 07:58:29.792 [Gauge] [DEBUG] Sending API response: messageType:GetStepValueResponse messageId:4 stepValueResponse:{stepValue:{stepValue:"{} adresine gidilir" parameterizedStepValue:"<url> adresine gidilir" parameters:"url"}}
10-06-2023 07:58:29.799 [Gauge] [DEBUG] Api Request Received: messageType:GetStepValueRequest messageId:4 stepValueRequest:{stepText:"<key> elementine tıklanır"}
10-06-2023 07:58:29.799 [Gauge] [DEBUG] Sending API response: messageType:GetStepValueResponse messageId:4 stepValueResponse:{stepValue:{stepValue:"{} elementine tıklanır" parameterizedStepValue:"<key> elementine tıklanır" parameters:"key"}}
10-06-2023 07:58:29.808 [Gauge] [DEBUG] Api Request Received: messageType:GetStepValueRequest messageId:4 stepValueRequest:{stepText:"<key> elementine javascript ile tıklanır"}
10-06-2023 07:58:29.808 [Gauge] [DEBUG] Sending API response: messageType:GetStepValueResponse messageId:4 stepValueResponse:{stepValue:{stepValue:"{} elementine javascript ile tıklanır" parameterizedStepValue:"<key> elementine javascript ile tıklanır" parameters:"key"}}
10-06-2023 07:58:29.816 [Gauge] [DEBUG] Api Request Received: messageType:GetStepValueRequest messageId:4 stepValueRequest:{stepText:"<key> elementine <text> texti yazılır"}
10-06-2023 07:58:29.816 [Gauge] [DEBUG] Sending API response: messageType:GetStepValueResponse messageId:4 stepValueResponse:{stepValue:{stepValue:"{} elementine {} texti yazılır" parameterizedStepValue:"<key> elementine <text> texti yazılır" parameters:"key" parameters:"text"}}
10-06-2023 07:58:29.820 [Gauge] [DEBUG] Api Request Received: messageType:GetStepValueRequest messageId:4 stepValueRequest:{stepText:"<saniye> saniye beklenir"}
10-06-2023 07:58:29.820 [Gauge] [DEBUG] Sending API response: messageType:GetStepValueResponse messageId:4 stepValueResponse:{stepValue:{stepValue:"{} saniye beklenir" parameterizedStepValue:"<saniye> saniye beklenir" parameters:"saniye"}}
10-06-2023 07:58:29.825 [Gauge] [DEBUG] Api Request Received: messageType:GetStepValueRequest messageId:4 stepValueRequest:{stepText:"<key> checkboxı seçili degilse seçilir"}
10-06-2023 07:58:29.825 [Gauge] [DEBUG] Sending API response: messageType:GetStepValueResponse messageId:4 stepValueResponse:{stepValue:{stepValue:"{} checkboxı seçili degilse seçilir" parameterizedStepValue:"<key> checkboxı seçili degilse seçilir" parameters:"key"}}
10-06-2023 07:58:29.828 [Gauge] [DEBUG] Api Request Received: messageType:GetStepValueRequest messageId:4 stepValueRequest:{stepText:"<key> elementinin görünürlüğü kontrol edilir"}
10-06-2023 07:58:29.828 [Gauge] [DEBUG] Sending API response: messageType:GetStepValueResponse messageId:4 stepValueResponse:{stepValue:{stepValue:"{} elementinin görünürlüğü kontrol edilir" parameterizedStepValue:"<key> elementinin görünürlüğü kontrol edilir" parameters:"key"}}
10-06-2023 07:58:29.832 [Gauge] [DEBUG] Api Request Received: messageType:GetStepValueRequest messageId:4 stepValueRequest:{stepText:"Gün-Ay-Yıl(ddMMyy) formatında <day>-<month>-<year> bilet tarihi girişi yapılır"}
10-06-2023 07:58:29.832 [Gauge] [DEBUG] Sending API response: messageType:GetStepValueResponse messageId:4 stepValueResponse:{stepValue:{stepValue:"Gün-Ay-Yıl(ddMMyy) formatında {}-{}-{} bilet tarihi girişi yapılır" parameterizedStepValue:"Gün-Ay-Yıl(ddMMyy) formatında <day>-<month>-<year> bilet tarihi girişi yapılır" parameters:"day" parameters:"month" parameters:"year"}}
10-06-2023 07:58:29.845 [Gauge] [DEBUG] Api Request Received: messageType:GetStepValueRequest messageId:4 stepValueRequest:{stepText:"<yetiskin> biletini <adet1> adet <cocuk> biletini <adet2> adet <bebek> biletini <adet3> adet <yas65> biletini <adet4> <ogrenci> biletini <adet5> adet arttır"}
10-06-2023 07:58:29.845 [Gauge] [DEBUG] Sending API response: messageType:GetStepValueResponse messageId:4 stepValueResponse:{stepValue:{stepValue:"{} biletini {} adet {} biletini {} adet {} biletini {} adet {} biletini {} {} biletini {} adet arttır" parameterizedStepValue:"<yetiskin> biletini <adet1> adet <cocuk> biletini <adet2> adet <bebek> biletini <adet3> adet <yas65> biletini <adet4> <ogrenci> biletini <adet5> adet arttır" parameters:"yetiskin" parameters:"adet1" parameters:"cocuk" parameters:"adet2" parameters:"bebek" parameters:"adet3" parameters:"yas65" parameters:"adet4" parameters:"ogrenci" parameters:"adet5"}}
10-06-2023 07:58:29.854 [Gauge] [DEBUG] Api Request Received: messageType:GetStepValueRequest messageId:4 stepValueRequest:{stepText:"* \"neredenPlaceholder\" elementine tıklanır"}
10-06-2023 07:58:29.854 [Gauge] [DEBUG] Sending API response: messageType:GetStepValueResponse messageId:4 stepValueResponse:{stepValue:{stepValue:"* {} elementine tıklanır" parameterizedStepValue:"* <neredenPlaceholder> elementine tıklanır" parameters:"neredenPlaceholder"}}
10-06-2023 07:58:29.854 [Gauge] [DEBUG] Api Request Received: messageType:GetStepValueRequest messageId:4 stepValueRequest:{stepText:"* \"neredenPlaceholder\" elementine <Nereden> texti yazılır"}
10-06-2023 07:58:29.854 [Gauge] [DEBUG] Sending API response: messageType:GetStepValueResponse messageId:4 stepValueResponse:{stepValue:{stepValue:"* {} elementine {} texti yazılır" parameterizedStepValue:"* <neredenPlaceholder> elementine <Nereden> texti yazılır" parameters:"neredenPlaceholder" parameters:"Nereden"}}
10-06-2023 07:58:29.854 [Gauge] [DEBUG] Api Request Received: messageType:GetStepValueRequest messageId:4 stepValueRequest:{stepText:"* \"gidisSecim\" elementine tıklanır"}
10-06-2023 07:58:29.854 [Gauge] [DEBUG] Sending API response: messageType:GetStepValueResponse messageId:4 stepValueResponse:{stepValue:{stepValue:"* {} elementine tıklanır" parameterizedStepValue:"* <gidisSecim> elementine tıklanır" parameters:"gidisSecim"}}
10-06-2023 07:58:29.855 [Gauge] [DEBUG] Api Request Received: messageType:GetStepValueRequest messageId:4 stepValueRequest:{stepText:"* \"nereyePlaceholder\" elementine tıklanır"}
10-06-2023 07:58:29.855 [Gauge] [DEBUG] Sending API response: messageType:GetStepValueResponse messageId:4 stepValueResponse:{stepValue:{stepValue:"* {} elementine tıklanır" parameterizedStepValue:"* <nereyePlaceholder> elementine tıklanır" parameters:"nereyePlaceholder"}}
10-06-2023 07:58:29.855 [Gauge] [DEBUG] Api Request Received: messageType:GetStepValueRequest messageId:4 stepValueRequest:{stepText:"* \"nereyePlaceholder\" elementine <Nereye> texti yazılır"}
10-06-2023 07:58:29.855 [Gauge] [DEBUG] Sending API response: messageType:GetStepValueResponse messageId:4 stepValueResponse:{stepValue:{stepValue:"* {} elementine {} texti yazılır" parameterizedStepValue:"* <nereyePlaceholder> elementine <Nereye> texti yazılır" parameters:"nereyePlaceholder" parameters:"Nereye"}}
10-06-2023 07:58:29.855 [Gauge] [DEBUG] Api Request Received: messageType:GetStepValueRequest messageId:4 stepValueRequest:{stepText:"* \"donusSecim\" elementine tıklanır"}
10-06-2023 07:58:29.855 [Gauge] [DEBUG] Sending API response: messageType:GetStepValueResponse messageId:4 stepValueResponse:{stepValue:{stepValue:"* {} elementine tıklanır" parameterizedStepValue:"* <donusSecim> elementine tıklanır" parameters:"donusSecim"}}
10-06-2023 07:58:29.855 [Gauge] [DEBUG] Api Request Received: messageType:GetStepValueRequest messageId:4 stepValueRequest:{stepText:"\"https://www.enuygun.com/\" adresine gidilir"}
10-06-2023 07:58:29.855 [Gauge] [DEBUG] Sending API response: messageType:GetStepValueResponse messageId:4 stepValueResponse:{stepValue:{stepValue:"{} adresine gidilir" parameterizedStepValue:"<https://www.enuygun.com/> adresine gidilir" parameters:"https://www.enuygun.com/"}}
10-06-2023 07:58:29.855 [Gauge] [DEBUG] Api Request Received: messageType:GetStepValueRequest messageId:4 stepValueRequest:{stepText:"Gidiş Yönüne Için \"Samsun\" Şehir veya Havalimanı Seçilir"}
10-06-2023 07:58:29.855 [Gauge] [DEBUG] Sending API response: messageType:GetStepValueResponse messageId:4 stepValueResponse:{stepValue:{stepValue:"Gidiş Yönüne Için {} Şehir veya Havalimanı Seçilir" parameterizedStepValue:"Gidiş Yönüne Için <Samsun> Şehir veya Havalimanı Seçilir" parameters:"Samsun"}}
10-06-2023 07:58:29.856 [Gauge] [DEBUG] Api Request Received: messageType:GetStepValueRequest messageId:4 stepValueRequest:{stepText:"Varış Noktası Için \"Ankara\" Şehir veya Havalimanı Seçilir"}
10-06-2023 07:58:29.856 [Gauge] [DEBUG] Sending API response: messageType:GetStepValueResponse messageId:4 stepValueResponse:{stepValue:{stepValue:"Varış Noktası Için {} Şehir veya Havalimanı Seçilir" parameterizedStepValue:"Varış Noktası Için <Ankara> Şehir veya Havalimanı Seçilir" parameters:"Ankara"}}
10-06-2023 07:58:29.856 [Gauge] [DEBUG] Api Request Received: messageType:GetStepValueRequest messageId:4 stepValueRequest:{stepText:"\"tekYonCheckbox\" checkboxı seçili degilse seçilir"}
10-06-2023 07:58:29.856 [Gauge] [DEBUG] Sending API response: messageType:GetStepValueResponse messageId:4 stepValueResponse:{stepValue:{stepValue:"{} checkboxı seçili degilse seçilir" parameterizedStepValue:"<tekYonCheckbox> checkboxı seçili degilse seçilir" parameters:"tekYonCheckbox"}}
10-06-2023 07:58:29.856 [Gauge] [DEBUG] Api Request Received: messageType:GetStepValueRequest messageId:4 stepValueRequest:{stepText:"\"gidisTarihiPlaceholder\" elementine tıklanır"}
10-06-2023 07:58:29.856 [Gauge] [DEBUG] Sending API response: messageType:GetStepValueResponse messageId:4 stepValueResponse:{stepValue:{stepValue:"{} elementine tıklanır" parameterizedStepValue:"<gidisTarihiPlaceholder> elementine tıklanır" parameters:"gidisTarihiPlaceholder"}}
10-06-2023 07:58:29.856 [Gauge] [DEBUG] Api Request Received: messageType:GetStepValueRequest messageId:4 stepValueRequest:{stepText:"Gün-Ay-Yıl(ddMMyy) formatında \"11\"-\"07\"-\"2023\" bilet tarihi girişi yapılır"}
10-06-2023 07:58:29.856 [Gauge] [DEBUG] Sending API response: messageType:GetStepValueResponse messageId:4 stepValueResponse:{stepValue:{stepValue:"Gün-Ay-Yıl(ddMMyy) formatında {}-{}-{} bilet tarihi girişi yapılır" parameterizedStepValue:"Gün-Ay-Yıl(ddMMyy) formatında <11>-<07>-<2023> bilet tarihi girişi yapılır" parameters:"11" parameters:"07" parameters:"2023"}}
10-06-2023 07:58:29.856 [Gauge] [DEBUG] Api Request Received: messageType:GetStepValueRequest messageId:4 stepValueRequest:{stepText:"\"donusTarihiPlaceholder\" elementine javascript ile tıklanır"}
10-06-2023 07:58:29.856 [Gauge] [DEBUG] Sending API response: messageType:GetStepValueResponse messageId:4 stepValueResponse:{stepValue:{stepValue:"{} elementine javascript ile tıklanır" parameterizedStepValue:"<donusTarihiPlaceholder> elementine javascript ile tıklanır" parameters:"donusTarihiPlaceholder"}}
10-06-2023 07:58:29.856 [Gauge] [DEBUG] Api Request Received: messageType:GetStepValueRequest messageId:4 stepValueRequest:{stepText:"Gün-Ay-Yıl(ddMMyy) formatında \"25\"-\"09\"-\"2023\" bilet tarihi girişi yapılır"}
10-06-2023 07:58:29.856 [Gauge] [DEBUG] Sending API response: messageType:GetStepValueResponse messageId:4 stepValueResponse:{stepValue:{stepValue:"Gün-Ay-Yıl(ddMMyy) formatında {}-{}-{} bilet tarihi girişi yapılır" parameterizedStepValue:"Gün-Ay-Yıl(ddMMyy) formatında <25>-<09>-<2023> bilet tarihi girişi yapılır" parameters:"25" parameters:"09" parameters:"2023"}}
10-06-2023 07:58:29.857 [Gauge] [DEBUG] Api Request Received: messageType:GetStepValueRequest messageId:4 stepValueRequest:{stepText:"\"aktarmasizCheckbox\" checkboxı seçili degilse seçilir"}
10-06-2023 07:58:29.857 [Gauge] [DEBUG] Sending API response: messageType:GetStepValueResponse messageId:4 stepValueResponse:{stepValue:{stepValue:"{} checkboxı seçili degilse seçilir" parameterizedStepValue:"<aktarmasizCheckbox> checkboxı seçili degilse seçilir" parameters:"aktarmasizCheckbox"}}
10-06-2023 07:58:29.857 [Gauge] [DEBUG] Api Request Received: messageType:GetStepValueRequest messageId:4 stepValueRequest:{stepText:"\"yolcuSecimPlaceholder\" elementine tıklanır"}
10-06-2023 07:58:29.857 [Gauge] [DEBUG] Sending API response: messageType:GetStepValueResponse messageId:4 stepValueResponse:{stepValue:{stepValue:"{} elementine tıklanır" parameterizedStepValue:"<yolcuSecimPlaceholder> elementine tıklanır" parameters:"yolcuSecimPlaceholder"}}
10-06-2023 07:58:29.857 [Gauge] [DEBUG] Api Request Received: messageType:GetStepValueRequest messageId:4 stepValueRequest:{stepText:"\"businessButonu\" elementine tıklanır"}
10-06-2023 07:58:29.857 [Gauge] [DEBUG] Sending API response: messageType:GetStepValueResponse messageId:4 stepValueResponse:{stepValue:{stepValue:"{} elementine tıklanır" parameterizedStepValue:"<businessButonu> elementine tıklanır" parameters:"businessButonu"}}
10-06-2023 07:58:29.857 [Gauge] [DEBUG] Api Request Received: messageType:GetStepValueRequest messageId:4 stepValueRequest:{stepText:"\"yetiskinYolcuSayisiArttirmaButonu\" biletini \"2\" adet \"cocukYolcuSayisiArttirmaButonu\" biletini \"1\" adet \"bebekYolcuSayisiArttirmaButonu\" biletini \"2\" adet \"65YasYolcuSayisiArttirmaButonu\" biletini \"3\" \"ogrenciYolcuSayisiArttirmaButonu\" biletini \"2\" adet arttır"}
10-06-2023 07:58:29.857 [Gauge] [DEBUG] Sending API response: messageType:GetStepValueResponse messageId:4 stepValueResponse:{stepValue:{stepValue:"{} biletini {} adet {} biletini {} adet {} biletini {} adet {} biletini {} {} biletini {} adet arttır" parameterizedStepValue:"<yetiskinYolcuSayisiArttirmaButonu> biletini <2> adet <cocukYolcuSayisiArttirmaButonu> biletini <1> adet <bebekYolcuSayisiArttirmaButonu> biletini <2> adet <65YasYolcuSayisiArttirmaButonu> biletini <3> <ogrenciYolcuSayisiArttirmaButonu> biletini <2> adet arttır" parameters:"yetiskinYolcuSayisiArttirmaButonu" parameters:"2" parameters:"cocukYolcuSayisiArttirmaButonu" parameters:"1" parameters:"bebekYolcuSayisiArttirmaButonu" parameters:"2" parameters:"65YasYolcuSayisiArttirmaButonu" parameters:"3" parameters:"ogrenciYolcuSayisiArttirmaButonu" parameters:"2"}}
10-06-2023 07:58:29.858 [Gauge] [DEBUG] Api Request Received: messageType:GetStepValueRequest messageId:4 stepValueRequest:{stepText:"\"ucuzBiletBulButonu\" elementine tıklanır"}
10-06-2023 07:58:29.858 [Gauge] [DEBUG] Sending API response: messageType:GetStepValueResponse messageId:4 stepValueResponse:{stepValue:{stepValue:"{} elementine tıklanır" parameterizedStepValue:"<ucuzBiletBulButonu> elementine tıklanır" parameters:"ucuzBiletBulButonu"}}
10-06-2023 07:58:29.858 [Gauge] [DEBUG] Api Request Received: messageType:GetStepValueRequest messageId:4 stepValueRequest:{stepText:"\"aramayiFavorilereEkleButonu\" elementinin görünürlüğü kontrol edilir"}
10-06-2023 07:58:29.858 [Gauge] [DEBUG] Sending API response: messageType:GetStepValueResponse messageId:4 stepValueResponse:{stepValue:{stepValue:"{} elementinin görünürlüğü kontrol edilir" parameterizedStepValue:"<aramayiFavorilereEkleButonu> elementinin görünürlüğü kontrol edilir" parameters:"aramayiFavorilereEkleButonu"}}
10-06-2023 07:59:14.488 [Gauge] [DEBUG] Api Request Received: messageType:GetStepValueRequest messageId:4 stepValueRequest:{stepText:" Gidiş Yönüne Için <Nereden> Şehir veya Havalimanı Seçilir"}
10-06-2023 07:59:14.488 [Gauge] [DEBUG] Sending API response: messageType:GetStepValueResponse messageId:4 stepValueResponse:{stepValue:{stepValue:"Gidiş Yönüne Için {} Şehir veya Havalimanı Seçilir" parameterizedStepValue:"Gidiş Yönüne Için <Nereden> Şehir veya Havalimanı Seçilir" parameters:"Nereden"}}
10-06-2023 07:59:14.505 [Gauge] [DEBUG] Api Request Received: messageType:GetStepValueRequest messageId:4 stepValueRequest:{stepText:" Varış Noktası Için <Nereye> Şehir veya Havalimanı Seçilir"}
10-06-2023 07:59:14.505 [Gauge] [DEBUG] Sending API response: messageType:GetStepValueResponse messageId:4 stepValueResponse:{stepValue:{stepValue:"Varış Noktası Için {} Şehir veya Havalimanı Seçilir" parameterizedStepValue:"Varış Noktası Için <Nereye> Şehir veya Havalimanı Seçilir" parameters:"Nereye"}}
10-06-2023 08:00:28.417 [Gauge] [DEBUG] Api Request Received: messageType:GetStepValueRequest messageId:4 stepValueRequest:{stepText:"<key> checkboxı seçili ise degilse seçilir"}
10-06-2023 08:00:28.418 [Gauge] [DEBUG] Sending API response: messageType:GetStepValueResponse messageId:4 stepValueResponse:{stepValue:{stepValue:"{} checkboxı seçili ise degilse seçilir" parameterizedStepValue:"<key> checkboxı seçili ise degilse seçilir" parameters:"key"}}
10-06-2023 08:00:31.912 [Gauge] [DEBUG] Api Request Received: messageType:GetStepValueRequest messageId:4 stepValueRequest:{stepText:"<key> checkboxı seçili ise secim"}
10-06-2023 08:00:31.912 [Gauge] [DEBUG] Sending API response: messageType:GetStepValueResponse messageId:4 stepValueResponse:{stepValue:{stepValue:"{} checkboxı seçili ise secim" parameterizedStepValue:"<key> checkboxı seçili ise secim" parameters:"key"}}
10-06-2023 08:00:32.547 [Gauge] [DEBUG] Api Request Received: messageType:GetStepValueRequest messageId:4 stepValueRequest:{stepText:"<key> checkboxı seçili ise se"}
10-06-2023 08:00:32.547 [Gauge] [DEBUG] Sending API response: messageType:GetStepValueResponse messageId:4 stepValueResponse:{stepValue:{stepValue:"{} checkboxı seçili ise se" parameterizedStepValue:"<key> checkboxı seçili ise se" parameters:"key"}}
10-06-2023 08:00:35.208 [Gauge] [DEBUG] Api Request Received: messageType:GetStepValueRequest messageId:4 stepValueRequest:{stepText:"<key> checkboxı seçili ise seçim kaldırılır"}
10-06-2023 08:00:35.208 [Gauge] [DEBUG] Sending API response: messageType:GetStepValueResponse messageId:4 stepValueResponse:{stepValue:{stepValue:"{} checkboxı seçili ise seçim kaldırılır" parameterizedStepValue:"<key> checkboxı seçili ise seçim kaldırılır" parameters:"key"}}
10-06-2023 08:02:24.055 [Gauge] [DEBUG] Api Request Received: messageType:GetStepValueRequest messageId:4 stepValueRequest:{stepText:"\"tekYonCheckbox\" checkboxı seçili ise seçim kaldırılır"}
10-06-2023 08:02:24.056 [Gauge] [DEBUG] Sending API response: messageType:GetStepValueResponse messageId:4 stepValueResponse:{stepValue:{stepValue:"{} checkboxı seçili ise seçim kaldırılır" parameterizedStepValue:"<tekYonCheckbox> checkboxı seçili ise seçim kaldırılır" parameters:"tekYonCheckbox"}}
10-06-2023 08:02:42.044 [Gauge] [DEBUG] Spec file added / modified: /Users/testinium/Desktop/EnuygunWebProject/specs/specs/enuygun.spec
10-06-2023 08:03:09.811 [Gauge] [DEBUG] Api Request Received: messageType:GetStepValueRequest messageId:4 stepValueRequest:{stepText:"Gün-Ay-Yıl(ddMMyy) formatında \"2\"-\"09\"-\"2023\" bilet tarihi girişi yapılır"}
10-06-2023 08:03:09.811 [Gauge] [DEBUG] Sending API response: messageType:GetStepValueResponse messageId:4 stepValueResponse:{stepValue:{stepValue:"Gün-Ay-Yıl(ddMMyy) formatında {}-{}-{} bilet tarihi girişi yapılır" parameterizedStepValue:"Gün-Ay-Yıl(ddMMyy) formatında <2>-<09>-<2023> bilet tarihi girişi yapılır" parameters:"2" parameters:"09" parameters:"2023"}}
10-06-2023 08:03:09.939 [Gauge] [DEBUG] Api Request Received: messageType:GetStepValueRequest messageId:4 stepValueRequest:{stepText:"Gün-Ay-Yıl(ddMMyy) formatında \"\"-\"09\"-\"2023\" bilet tarihi girişi yapılır"}
10-06-2023 08:03:09.939 [Gauge] [DEBUG] Sending API response: messageType:GetStepValueResponse messageId:4 stepValueResponse:{stepValue:{stepValue:"Gün-Ay-Yıl(ddMMyy) formatında {}-{}-{} bilet tarihi girişi yapılır" parameterizedStepValue:"Gün-Ay-Yıl(ddMMyy) formatında <>-<09>-<2023> bilet tarihi girişi yapılır" parameters:"" parameters:"09" parameters:"2023"}}
10-06-2023 08:03:10.195 [Gauge] [DEBUG] Api Request Received: messageType:GetStepValueRequest messageId:4 stepValueRequest:{stepText:"Gün-Ay-Yıl(ddMMyy) formatında \"0\"-\"09\"-\"2023\" bilet tarihi girişi yapılır"}
10-06-2023 08:03:10.195 [Gauge] [DEBUG] Sending API response: messageType:GetStepValueResponse messageId:4 stepValueResponse:{stepValue:{stepValue:"Gün-Ay-Yıl(ddMMyy) formatında {}-{}-{} bilet tarihi girişi yapılır" parameterizedStepValue:"Gün-Ay-Yıl(ddMMyy) formatında <0>-<09>-<2023> bilet tarihi girişi yapılır" parameters:"0" parameters:"09" parameters:"2023"}}
10-06-2023 08:03:10.530 [Gauge] [DEBUG] Api Request Received: messageType:GetStepValueRequest messageId:4 stepValueRequest:{stepText:"Gün-Ay-Yıl(ddMMyy) formatında \"02\"-\"09\"-\"2023\" bilet tarihi girişi yapılır"}
10-06-2023 08:03:10.530 [Gauge] [DEBUG] Sending API response: messageType:GetStepValueResponse messageId:4 stepValueResponse:{stepValue:{stepValue:"Gün-Ay-Yıl(ddMMyy) formatında {}-{}-{} bilet tarihi girişi yapılır" parameterizedStepValue:"Gün-Ay-Yıl(ddMMyy) formatında <02>-<09>-<2023> bilet tarihi girişi yapılır" parameters:"02" parameters:"09" parameters:"2023"}}
10-06-2023 08:03:12.248 [Gauge] [DEBUG] Spec file added / modified: /Users/testinium/Desktop/EnuygunWebProject/specs/specs/enuygun.spec
10-06-2023 08:06:36.422 [Gauge] [DEBUG] Spec file added / modified: /Users/testinium/Desktop/EnuygunWebProject/specs/specs/enuygun.spec
10-06-2023 08:06:36.809 [Gauge] [DEBUG] Api Request Received: messageType:GetStepValueRequest messageId:4 stepValueRequest:{}
10-06-2023 08:06:36.810 [Gauge] [DEBUG] Sending API response: messageType:GetStepValueResponse messageId:4 stepValueResponse:{stepValue:{}}
10-06-2023 08:06:36.814 [Gauge] [DEBUG] Api Request Received: messageType:GetStepValueRequest messageId:4 stepValueRequest:{}
10-06-2023 08:06:36.814 [Gauge] [DEBUG] Sending API response: messageType:GetStepValueResponse messageId:4 stepValueResponse:{stepValue:{}}
10-06-2023 08:06:36.843 [Gauge] [DEBUG] Api Request Received: messageType:GetStepValueRequest messageId:4 stepValueRequest:{}
10-06-2023 08:06:36.843 [Gauge] [DEBUG] Sending API response: messageType:GetStepValueResponse messageId:4 stepValueResponse:{stepValue:{}}
10-06-2023 08:06:36.843 [Gauge] [DEBUG] Api Request Received: messageType:GetStepValueRequest messageId:4 stepValueRequest:{}
10-06-2023 08:06:36.843 [Gauge] [DEBUG] Sending API response: messageType:GetStepValueResponse messageId:4 stepValueResponse:{stepValue:{}}
10-06-2023 08:06:36.843 [Gauge] [DEBUG] Api Request Received: messageType:GetStepValueRequest messageId:4 stepValueRequest:{}
10-06-2023 08:06:36.843 [Gauge] [DEBUG] Sending API response: messageType:GetStepValueResponse messageId:4 stepValueResponse:{stepValue:{}}
10-06-2023 08:06:36.843 [Gauge] [DEBUG] Api Request Received: messageType:GetStepValueRequest messageId:4 stepValueRequest:{}
10-06-2023 08:06:36.843 [Gauge] [DEBUG] Sending API response: messageType:GetStepValueResponse messageId:4 stepValueResponse:{stepValue:{}}
10-06-2023 08:06:36.863 [Gauge] [DEBUG] Api Request Received: messageType:GetStepValueRequest messageId:4 stepValueRequest:{}
10-06-2023 08:06:36.863 [Gauge] [DEBUG] Sending API response: messageType:GetStepValueResponse messageId:4 stepValueResponse:{stepValue:{}}
10-06-2023 08:06:36.864 [Gauge] [DEBUG] Api Request Received: messageType:GetStepValueRequest messageId:4 stepValueRequest:{}
10-06-2023 08:06:36.864 [Gauge] [DEBUG] Sending API response: messageType:GetStepValueResponse messageId:4 stepValueResponse:{stepValue:{}}
10-06-2023 08:06:36.864 [Gauge] [DEBUG] Api Request Received: messageType:GetStepValueRequest messageId:4 stepValueRequest:{}
10-06-2023 08:06:36.864 [Gauge] [DEBUG] Sending API response: messageType:GetStepValueResponse messageId:4 stepValueResponse:{stepValue:{}}
10-06-2023 08:06:36.865 [Gauge] [DEBUG] Api Request Received: messageType:GetStepValueRequest messageId:4 stepValueRequest:{}
10-06-2023 08:06:36.865 [Gauge] [DEBUG] Sending API response: messageType:GetStepValueResponse messageId:4 stepValueResponse:{stepValue:{}}
10-06-2023 08:06:37.104 [Gauge] [DEBUG] Api Request Received: messageType:GetStepValueRequest messageId:4 stepValueRequest:{}
10-06-2023 08:06:37.104 [Gauge] [DEBUG] Sending API response: messageType:GetStepValueResponse messageId:4 stepValueResponse:{stepValue:{}}
10-06-2023 08:06:37.107 [Gauge] [DEBUG] Api Request Received: messageType:GetStepValueRequest messageId:4 stepValueRequest:{}
10-06-2023 08:06:37.107 [Gauge] [DEBUG] Sending API response: messageType:GetStepValueResponse messageId:4 stepValueResponse:{stepValue:{}}
10-06-2023 08:06:37.124 [Gauge] [DEBUG] Api Request Received: messageType:GetStepValueRequest messageId:4 stepValueRequest:{}
10-06-2023 08:06:37.124 [Gauge] [DEBUG] Sending API response: messageType:GetStepValueResponse messageId:4 stepValueResponse:{stepValue:{}}
10-06-2023 08:06:37.125 [Gauge] [DEBUG] Api Request Received: messageType:GetStepValueRequest messageId:4 stepValueRequest:{}
10-06-2023 08:06:37.125 [Gauge] [DEBUG] Sending API response: messageType:GetStepValueResponse messageId:4 stepValueResponse:{stepValue:{}}
10-06-2023 08:06:37.125 [Gauge] [DEBUG] Api Request Received: messageType:GetStepValueRequest messageId:4 stepValueRequest:{}
10-06-2023 08:06:37.125 [Gauge] [DEBUG] Sending API response: messageType:GetStepValueResponse messageId:4 stepValueResponse:{stepValue:{}}
10-06-2023 08:06:37.125 [Gauge] [DEBUG] Api Request Received: messageType:GetStepValueRequest messageId:4 stepValueRequest:{}
10-06-2023 08:06:37.125 [Gauge] [DEBUG] Sending API response: messageType:GetStepValueResponse messageId:4 stepValueResponse:{stepValue:{}}
10-06-2023 08:06:37.140 [Gauge] [DEBUG] Api Request Received: messageType:GetStepValueRequest messageId:4 stepValueRequest:{}
10-06-2023 08:06:37.140 [Gauge] [DEBUG] Sending API response: messageType:GetStepValueResponse messageId:4 stepValueResponse:{stepValue:{}}
10-06-2023 08:06:37.140 [Gauge] [DEBUG] Api Request Received: messageType:GetStepValueRequest messageId:4 stepValueRequest:{}
10-06-2023 08:06:37.140 [Gauge] [DEBUG] Sending API response: messageType:GetStepValueResponse messageId:4 stepValueResponse:{stepValue:{}}
10-06-2023 08:06:37.140 [Gauge] [DEBUG] Api Request Received: messageType:GetStepValueRequest messageId:4 stepValueRequest:{}
10-06-2023 08:06:37.140 [Gauge] [DEBUG] Sending API response: messageType:GetStepValueResponse messageId:4 stepValueResponse:{stepValue:{}}
10-06-2023 08:06:37.141 [Gauge] [DEBUG] Api Request Received: messageType:GetStepValueRequest messageId:4 stepValueRequest:{}
10-06-2023 08:06:37.141 [Gauge] [DEBUG] Sending API response: messageType:GetStepValueResponse messageId:4 stepValueResponse:{stepValue:{}}
10-06-2023 08:06:37.154 [Gauge] [DEBUG] Api Request Received: messageType:GetStepValueRequest messageId:4 stepValueRequest:{}
10-06-2023 08:06:37.154 [Gauge] [DEBUG] Sending API response: messageType:GetStepValueResponse messageId:4 stepValueResponse:{stepValue:{}}
10-06-2023 08:06:37.154 [Gauge] [DEBUG] Api Request Received: messageType:GetStepValueRequest messageId:4 stepValueRequest:{}
10-06-2023 08:06:37.154 [Gauge] [DEBUG] Sending API response: messageType:GetStepValueResponse messageId:4 stepValueResponse:{stepValue:{}}
10-06-2023 08:06:37.154 [Gauge] [DEBUG] Api Request Received: messageType:GetStepValueRequest messageId:4 stepValueRequest:{}
10-06-2023 08:06:37.154 [Gauge] [DEBUG] Sending API response: messageType:GetStepValueResponse messageId:4 stepValueResponse:{stepValue:{}}
10-06-2023 08:06:37.155 [Gauge] [DEBUG] Api Request Received: messageType:GetStepValueRequest messageId:4 stepValueRequest:{}
10-06-2023 08:06:37.155 [Gauge] [DEBUG] Sending API response: messageType:GetStepValueResponse messageId:4 stepValueResponse:{stepValue:{}}
10-06-2023 08:06:37.169 [Gauge] [DEBUG] Api Request Received: messageType:GetStepValueRequest messageId:4 stepValueRequest:{}
10-06-2023 08:06:37.169 [Gauge] [DEBUG] Sending API response: messageType:GetStepValueResponse messageId:4 stepValueResponse:{stepValue:{}}
10-06-2023 08:06:37.169 [Gauge] [DEBUG] Api Request Received: messageType:GetStepValueRequest messageId:4 stepValueRequest:{}
10-06-2023 08:06:37.169 [Gauge] [DEBUG] Sending API response: messageType:GetStepValueResponse messageId:4 stepValueResponse:{stepValue:{}}
10-06-2023 08:06:37.256 [Gauge] [DEBUG] Api Request Received: messageType:GetStepValueRequest messageId:4 stepValueRequest:{stepText:"b"}
10-06-2023 08:06:37.256 [Gauge] [DEBUG] Sending API response: messageType:GetStepValueResponse messageId:4 stepValueResponse:{stepValue:{stepValue:"b" parameterizedStepValue:"b"}}
10-06-2023 08:06:37.261 [Gauge] [DEBUG] Api Request Received: messageType:GetAllStepsRequest messageId:2 allStepsRequest:{}
10-06-2023 08:06:37.261 [Gauge] [DEBUG] Sending API response: messageType:GetAllStepResponse messageId:2 allStepsResponse:{allSteps:{stepValue:"{} elementine tıklanır" parameterizedStepValue:"<ucuzBiletBulButonu> elementine tıklanır" parameters:"ucuzBiletBulButonu"} allSteps:{stepValue:"Gün-Ay-Yıl(ddMMyy) formatında {}-{}-{} bilet tarihi girişi yapılır" parameterizedStepValue:"Gün-Ay-Yıl(ddMMyy) formatında <02>-<09>-<2023> bilet tarihi girişi yapılır" parameters:"02" parameters:"09" parameters:"2023"} allSteps:{stepValue:"{} elementinin görünürlüğü kontrol edilir" parameterizedStepValue:"<aramayiFavorilereEkleButonu> elementinin görünürlüğü kontrol edilir" parameters:"aramayiFavorilereEkleButonu"} allSteps:{stepValue:"{} elementine {} texti yazılır" parameterizedStepValue:"<nereyePlaceholder> elementine <Nereye> texti yazılır" parameters:"nereyePlaceholder" parameters:"Nereye"} allSteps:{stepValue:"{} adresine gidilir" parameterizedStepValue:"<https://www.enuygun.com/> adresine gidilir" parameters:"https://www.enuygun.com/"} allSteps:{stepValue:"{} checkboxı seçili ise seçim kaldırılır" parameterizedStepValue:"<tekYonCheckbox> checkboxı seçili ise seçim kaldırılır" parameters:"tekYonCheckbox"} allSteps:{stepValue:"{} elementine javascript ile tıklanır" parameterizedStepValue:"<donusTarihiPlaceholder> elementine javascript ile tıklanır" parameters:"donusTarihiPlaceholder"} allSteps:{stepValue:"{} checkboxı seçili degilse seçilir" parameterizedStepValue:"<aktarmasizCheckbox> checkboxı seçili degilse seçilir" parameters:"aktarmasizCheckbox"} allSteps:{stepValue:"{} biletini {} adet {} biletini {} adet {} biletini {} adet {} biletini {} {} biletini {} adet arttır" parameterizedStepValue:"<yetiskinYolcuSayisiArttirmaButonu> biletini <2> adet <cocukYolcuSayisiArttirmaButonu> biletini <1> adet <bebekYolcuSayisiArttirmaButonu> biletini <2> adet <65YasYolcuSayisiArttirmaButonu> biletini <3> <ogrenciYolcuSayisiArttirmaButonu> biletini <2> adet arttır" parameters:"yetiskinYolcuSayisiArttirmaButonu" parameters:"2" parameters:"cocukYolcuSayisiArttirmaButonu" parameters:"1" parameters:"bebekYolcuSayisiArttirmaButonu" parameters:"2" parameters:"65YasYolcuSayisiArttirmaButonu" parameters:"3" parameters:"ogrenciYolcuSayisiArttirmaButonu" parameters:"2"}}
10-06-2023 08:06:37.263 [Gauge] [DEBUG] Api Request Received: messageType:GetAllConceptsRequest messageId:6 allConceptsRequest:{}
10-06-2023 08:06:37.263 [Gauge] [DEBUG] Sending API response: messageType:GetAllConceptsResponse messageId:6 allConceptsResponse:{concepts:{stepValue:{stepValue:"Gidiş Yönüne Için {} Şehir veya Havalimanı Seçilir" parameterizedStepValue:"Gidiş Yönüne Için <Nereden> Şehir veya Havalimanı Seçilir" parameters:"Nereden"} filepath:"/Users/testinium/Desktop/EnuygunWebProject/specs/concept/enuygun.cpt" lineNumber:1} concepts:{stepValue:{stepValue:"Varış Noktası Için {} Şehir veya Havalimanı Seçilir" parameterizedStepValue:"Varış Noktası Için <Nereye> Şehir veya Havalimanı Seçilir" parameters:"Nereye"} filepath:"/Users/testinium/Desktop/EnuygunWebProject/specs/concept/enuygun.cpt" lineNumber:6}}
10-06-2023 08:06:37.690 [Gauge] [DEBUG] Api Request Received: messageType:GetStepValueRequest messageId:4 stepValueRequest:{stepText:"bu"}
10-06-2023 08:06:37.690 [Gauge] [DEBUG] Sending API response: messageType:GetStepValueResponse messageId:4 stepValueResponse:{stepValue:{stepValue:"bu" parameterizedStepValue:"bu"}}
10-06-2023 08:06:37.916 [Gauge] [DEBUG] Api Request Received: messageType:GetStepValueRequest messageId:4 stepValueRequest:{stepText:"bul"}
10-06-2023 08:06:37.917 [Gauge] [DEBUG] Sending API response: messageType:GetStepValueResponse messageId:4 stepValueResponse:{stepValue:{stepValue:"bul" parameterizedStepValue:"bul"}}
10-06-2023 08:06:39.158 [Gauge] [DEBUG] Api Request Received: messageType:GetStepValueRequest messageId:4 stepValueRequest:{}
10-06-2023 08:06:39.158 [Gauge] [DEBUG] Sending API response: messageType:GetStepValueResponse messageId:4 stepValueResponse:{stepValue:{}}
10-06-2023 08:06:39.159 [Gauge] [DEBUG] Api Request Received: messageType:GetStepValueRequest messageId:4 stepValueRequest:{}
10-06-2023 08:06:39.159 [Gauge] [DEBUG] Sending API response: messageType:GetStepValueResponse messageId:4 stepValueResponse:{stepValue:{}}
10-06-2023 08:06:39.180 [Gauge] [DEBUG] Api Request Received: messageType:GetStepValueRequest messageId:4 stepValueRequest:{}
10-06-2023 08:06:39.180 [Gauge] [DEBUG] Sending API response: messageType:GetStepValueResponse messageId:4 stepValueResponse:{stepValue:{}}
10-06-2023 08:06:39.180 [Gauge] [DEBUG] Api Request Received: messageType:GetStepValueRequest messageId:4 stepValueRequest:{}
10-06-2023 08:06:39.180 [Gauge] [DEBUG] Sending API response: messageType:GetStepValueResponse messageId:4 stepValueResponse:{stepValue:{}}
10-06-2023 08:06:39.180 [Gauge] [DEBUG] Api Request Received: messageType:GetStepValueRequest messageId:4 stepValueRequest:{}
10-06-2023 08:06:39.180 [Gauge] [DEBUG] Sending API response: messageType:GetStepValueResponse messageId:4 stepValueResponse:{stepValue:{}}
10-06-2023 08:06:39.181 [Gauge] [DEBUG] Api Request Received: messageType:GetStepValueRequest messageId:4 stepValueRequest:{}
10-06-2023 08:06:39.181 [Gauge] [DEBUG] Sending API response: messageType:GetStepValueResponse messageId:4 stepValueResponse:{stepValue:{}}
10-06-2023 08:06:39.194 [Gauge] [DEBUG] Api Request Received: messageType:GetStepValueRequest messageId:4 stepValueRequest:{}
10-06-2023 08:06:39.194 [Gauge] [DEBUG] Sending API response: messageType:GetStepValueResponse messageId:4 stepValueResponse:{stepValue:{}}
10-06-2023 08:06:39.194 [Gauge] [DEBUG] Api Request Received: messageType:GetStepValueRequest messageId:4 stepValueRequest:{}
10-06-2023 08:06:39.194 [Gauge] [DEBUG] Sending API response: messageType:GetStepValueResponse messageId:4 stepValueResponse:{stepValue:{}}
10-06-2023 08:06:39.194 [Gauge] [DEBUG] Api Request Received: messageType:GetStepValueRequest messageId:4 stepValueRequest:{}
10-06-2023 08:06:39.194 [Gauge] [DEBUG] Sending API response: messageType:GetStepValueResponse messageId:4 stepValueResponse:{stepValue:{}}
10-06-2023 08:06:39.195 [Gauge] [DEBUG] Api Request Received: messageType:GetStepValueRequest messageId:4 stepValueRequest:{}
10-06-2023 08:06:39.195 [Gauge] [DEBUG] Sending API response: messageType:GetStepValueResponse messageId:4 stepValueResponse:{stepValue:{}}
10-06-2023 08:06:39.213 [Gauge] [DEBUG] Api Request Received: messageType:GetStepValueRequest messageId:4 stepValueRequest:{}
10-06-2023 08:06:39.214 [Gauge] [DEBUG] Sending API response: messageType:GetStepValueResponse messageId:4 stepValueResponse:{stepValue:{}}
10-06-2023 08:06:39.214 [Gauge] [DEBUG] Api Request Received: messageType:GetStepValueRequest messageId:4 stepValueRequest:{}
10-06-2023 08:06:39.214 [Gauge] [DEBUG] Sending API response: messageType:GetStepValueResponse messageId:4 stepValueResponse:{stepValue:{}}
10-06-2023 08:06:39.214 [Gauge] [DEBUG] Api Request Received: messageType:GetStepValueRequest messageId:4 stepValueRequest:{}
10-06-2023 08:06:39.214 [Gauge] [DEBUG] Sending API response: messageType:GetStepValueResponse messageId:4 stepValueResponse:{stepValue:{}}
10-06-2023 08:06:39.214 [Gauge] [DEBUG] Api Request Received: messageType:GetStepValueRequest messageId:4 stepValueRequest:{}
10-06-2023 08:06:39.214 [Gauge] [DEBUG] Sending API response: messageType:GetStepValueResponse messageId:4 stepValueResponse:{stepValue:{}}
10-06-2023 08:06:39.231 [Gauge] [DEBUG] Api Request Received: messageType:GetStepValueRequest messageId:4 stepValueRequest:{}
10-06-2023 08:06:39.231 [Gauge] [DEBUG] Sending API response: messageType:GetStepValueResponse messageId:4 stepValueResponse:{stepValue:{}}
10-06-2023 08:06:39.231 [Gauge] [DEBUG] Api Request Received: messageType:GetStepValueRequest messageId:4 stepValueRequest:{}
10-06-2023 08:06:39.231 [Gauge] [DEBUG] Sending API response: messageType:GetStepValueResponse messageId:4 stepValueResponse:{stepValue:{}}
10-06-2023 08:06:39.360 [Gauge] [DEBUG] Api Request Received: messageType:GetStepValueRequest messageId:4 stepValueRequest:{}
10-06-2023 08:06:39.360 [Gauge] [DEBUG] Sending API response: messageType:GetStepValueResponse messageId:4 stepValueResponse:{stepValue:{}}
10-06-2023 08:06:39.360 [Gauge] [DEBUG] Api Request Received: messageType:GetStepValueRequest messageId:4 stepValueRequest:{}
10-06-2023 08:06:39.360 [Gauge] [DEBUG] Sending API response: messageType:GetStepValueResponse messageId:4 stepValueResponse:{stepValue:{}}
10-06-2023 08:06:39.365 [Gauge] [DEBUG] Api Request Received: messageType:GetStepValueRequest messageId:4 stepValueRequest:{}
10-06-2023 08:06:39.365 [Gauge] [DEBUG] Sending API response: messageType:GetStepValueResponse messageId:4 stepValueResponse:{stepValue:{}}
10-06-2023 08:06:39.365 [Gauge] [DEBUG] Api Request Received: messageType:GetStepValueRequest messageId:4 stepValueRequest:{}
10-06-2023 08:06:39.365 [Gauge] [DEBUG] Sending API response: messageType:GetStepValueResponse messageId:4 stepValueResponse:{stepValue:{}}
10-06-2023 08:06:39.384 [Gauge] [DEBUG] Api Request Received: messageType:GetStepValueRequest messageId:4 stepValueRequest:{}
10-06-2023 08:06:39.385 [Gauge] [DEBUG] Sending API response: messageType:GetStepValueResponse messageId:4 stepValueResponse:{stepValue:{}}
10-06-2023 08:06:39.385 [Gauge] [DEBUG] Api Request Received: messageType:GetStepValueRequest messageId:4 stepValueRequest:{}
10-06-2023 08:06:39.385 [Gauge] [DEBUG] Sending API response: messageType:GetStepValueResponse messageId:4 stepValueResponse:{stepValue:{}}
10-06-2023 08:06:39.385 [Gauge] [DEBUG] Api Request Received: messageType:GetStepValueRequest messageId:4 stepValueRequest:{}
10-06-2023 08:06:39.385 [Gauge] [DEBUG] Sending API response: messageType:GetStepValueResponse messageId:4 stepValueResponse:{stepValue:{}}
10-06-2023 08:06:39.385 [Gauge] [DEBUG] Api Request Received: messageType:GetStepValueRequest messageId:4 stepValueRequest:{}
10-06-2023 08:06:39.385 [Gauge] [DEBUG] Sending API response: messageType:GetStepValueResponse messageId:4 stepValueResponse:{stepValue:{}}
10-06-2023 08:06:39.398 [Gauge] [DEBUG] Api Request Received: messageType:GetStepValueRequest messageId:4 stepValueRequest:{}
10-06-2023 08:06:39.398 [Gauge] [DEBUG] Sending API response: messageType:GetStepValueResponse messageId:4 stepValueResponse:{stepValue:{}}
10-06-2023 08:06:39.398 [Gauge] [DEBUG] Api Request Received: messageType:GetStepValueRequest messageId:4 stepValueRequest:{}
10-06-2023 08:06:39.398 [Gauge] [DEBUG] Sending API response: messageType:GetStepValueResponse messageId:4 stepValueResponse:{stepValue:{}}
10-06-2023 08:06:39.398 [Gauge] [DEBUG] Api Request Received: messageType:GetStepValueRequest messageId:4 stepValueRequest:{}
10-06-2023 08:06:39.398 [Gauge] [DEBUG] Sending API response: messageType:GetStepValueResponse messageId:4 stepValueResponse:{stepValue:{}}
10-06-2023 08:06:39.399 [Gauge] [DEBUG] Api Request Received: messageType:GetStepValueRequest messageId:4 stepValueRequest:{}
10-06-2023 08:06:39.399 [Gauge] [DEBUG] Sending API response: messageType:GetStepValueResponse messageId:4 stepValueResponse:{stepValue:{}}
10-06-2023 08:06:39.407 [Gauge] [DEBUG] Api Request Received: messageType:GetStepValueRequest messageId:4 stepValueRequest:{}
10-06-2023 08:06:39.407 [Gauge] [DEBUG] Sending API response: messageType:GetStepValueResponse messageId:4 stepValueResponse:{stepValue:{}}
10-06-2023 08:06:39.407 [Gauge] [DEBUG] Api Request Received: messageType:GetStepValueRequest messageId:4 stepValueRequest:{}
10-06-2023 08:06:39.407 [Gauge] [DEBUG] Sending API response: messageType:GetStepValueResponse messageId:4 stepValueResponse:{stepValue:{}}
10-06-2023 08:06:39.407 [Gauge] [DEBUG] Api Request Received: messageType:GetStepValueRequest messageId:4 stepValueRequest:{}
10-06-2023 08:06:39.408 [Gauge] [DEBUG] Sending API response: messageType:GetStepValueResponse messageId:4 stepValueResponse:{stepValue:{}}
10-06-2023 08:06:39.408 [Gauge] [DEBUG] Api Request Received: messageType:GetStepValueRequest messageId:4 stepValueRequest:{}
10-06-2023 08:06:39.408 [Gauge] [DEBUG] Sending API response: messageType:GetStepValueResponse messageId:4 stepValueResponse:{stepValue:{}}
10-06-2023 08:06:39.424 [Gauge] [DEBUG] Api Request Received: messageType:GetStepValueRequest messageId:4 stepValueRequest:{}
10-06-2023 08:06:39.424 [Gauge] [DEBUG] Sending API response: messageType:GetStepValueResponse messageId:4 stepValueResponse:{stepValue:{}}
10-06-2023 08:06:39.424 [Gauge] [DEBUG] Api Request Received: messageType:GetStepValueRequest messageId:4 stepValueRequest:{}
10-06-2023 08:06:39.424 [Gauge] [DEBUG] Sending API response: messageType:GetStepValueResponse messageId:4 stepValueResponse:{stepValue:{}}
10-06-2023 08:06:39.424 [Gauge] [DEBUG] Api Request Received: messageType:GetStepValueRequest messageId:4 stepValueRequest:{}
10-06-2023 08:06:39.424 [Gauge] [DEBUG] Sending API response: messageType:GetStepValueResponse messageId:4 stepValueResponse:{stepValue:{}}
10-06-2023 08:06:39.425 [Gauge] [DEBUG] Api Request Received: messageType:GetStepValueRequest messageId:4 stepValueRequest:{}
10-06-2023 08:06:39.425 [Gauge] [DEBUG] Sending API response: messageType:GetStepValueResponse messageId:4 stepValueResponse:{stepValue:{}}
10-06-2023 08:06:39.434 [Gauge] [DEBUG] Api Request Received: messageType:GetStepValueRequest messageId:4 stepValueRequest:{}
10-06-2023 08:06:39.434 [Gauge] [DEBUG] Sending API response: messageType:GetStepValueResponse messageId:4 stepValueResponse:{stepValue:{}}
10-06-2023 08:06:39.434 [Gauge] [DEBUG] Api Request Received: messageType:GetStepValueRequest messageId:4 stepValueRequest:{}
10-06-2023 08:06:39.434 [Gauge] [DEBUG] Sending API response: messageType:GetStepValueResponse messageId:4 stepValueResponse:{stepValue:{}}
10-06-2023 08:06:39.434 [Gauge] [DEBUG] Api Request Received: messageType:GetStepValueRequest messageId:4 stepValueRequest:{}
10-06-2023 08:06:39.434 [Gauge] [DEBUG] Sending API response: messageType:GetStepValueResponse messageId:4 stepValueResponse:{stepValue:{}}
10-06-2023 08:06:39.434 [Gauge] [DEBUG] Api Request Received: messageType:GetStepValueRequest messageId:4 stepValueRequest:{}
10-06-2023 08:06:39.434 [Gauge] [DEBUG] Sending API response: messageType:GetStepValueResponse messageId:4 stepValueResponse:{stepValue:{}}
10-06-2023 08:06:39.443 [Gauge] [DEBUG] Api Request Received: messageType:GetStepValueRequest messageId:4 stepValueRequest:{}
10-06-2023 08:06:39.443 [Gauge] [DEBUG] Sending API response: messageType:GetStepValueResponse messageId:4 stepValueResponse:{stepValue:{}}
10-06-2023 08:06:39.443 [Gauge] [DEBUG] Api Request Received: messageType:GetStepValueRequest messageId:4 stepValueRequest:{}
10-06-2023 08:06:39.443 [Gauge] [DEBUG] Sending API response: messageType:GetStepValueResponse messageId:4 stepValueResponse:{stepValue:{}}
10-06-2023 08:06:39.443 [Gauge] [DEBUG] Api Request Received: messageType:GetStepValueRequest messageId:4 stepValueRequest:{}
10-06-2023 08:06:39.443 [Gauge] [DEBUG] Sending API response: messageType:GetStepValueResponse messageId:4 stepValueResponse:{stepValue:{}}
10-06-2023 08:06:39.443 [Gauge] [DEBUG] Api Request Received: messageType:GetStepValueRequest messageId:4 stepValueRequest:{}
10-06-2023 08:06:39.443 [Gauge] [DEBUG] Sending API response: messageType:GetStepValueResponse messageId:4 stepValueResponse:{stepValue:{}}
10-06-2023 08:06:39.454 [Gauge] [DEBUG] Api Request Received: messageType:GetStepValueRequest messageId:4 stepValueRequest:{}
10-06-2023 08:06:39.454 [Gauge] [DEBUG] Sending API response: messageType:GetStepValueResponse messageId:4 stepValueResponse:{stepValue:{}}
10-06-2023 08:06:39.455 [Gauge] [DEBUG] Api Request Received: messageType:GetStepValueRequest messageId:4 stepValueRequest:{}
10-06-2023 08:06:39.455 [Gauge] [DEBUG] Sending API response: messageType:GetStepValueResponse messageId:4 stepValueResponse:{stepValue:{}}
10-06-2023 08:06:39.455 [Gauge] [DEBUG] Api Request Received: messageType:GetStepValueRequest messageId:4 stepValueRequest:{}
10-06-2023 08:06:39.455 [Gauge] [DEBUG] Sending API response: messageType:GetStepValueResponse messageId:4 stepValueResponse:{stepValue:{}}
10-06-2023 08:06:39.455 [Gauge] [DEBUG] Api Request Received: messageType:GetStepValueRequest messageId:4 stepValueRequest:{}
10-06-2023 08:06:39.455 [Gauge] [DEBUG] Sending API response: messageType:GetStepValueResponse messageId:4 stepValueResponse:{stepValue:{}}
10-06-2023 08:06:39.465 [Gauge] [DEBUG] Api Request Received: messageType:GetStepValueRequest messageId:4 stepValueRequest:{}
10-06-2023 08:06:39.465 [Gauge] [DEBUG] Sending API response: messageType:GetStepValueResponse messageId:4 stepValueResponse:{stepValue:{}}
10-06-2023 08:06:39.471 [Gauge] [DEBUG] Api Request Received: messageType:GetStepValueRequest messageId:4 stepValueRequest:{}
10-06-2023 08:06:39.471 [Gauge] [DEBUG] Sending API response: messageType:GetStepValueResponse messageId:4 stepValueResponse:{stepValue:{}}
10-06-2023 08:06:39.472 [Gauge] [DEBUG] Api Request Received: messageType:GetStepValueRequest messageId:4 stepValueRequest:{}
10-06-2023 08:06:39.472 [Gauge] [DEBUG] Sending API response: messageType:GetStepValueResponse messageId:4 stepValueResponse:{stepValue:{}}
10-06-2023 08:06:39.472 [Gauge] [DEBUG] Api Request Received: messageType:GetStepValueRequest messageId:4 stepValueRequest:{}
10-06-2023 08:06:39.472 [Gauge] [DEBUG] Sending API response: messageType:GetStepValueResponse messageId:4 stepValueResponse:{stepValue:{}}
10-06-2023 08:06:39.472 [Gauge] [DEBUG] Api Request Received: messageType:GetStepValueRequest messageId:4 stepValueRequest:{}
10-06-2023 08:06:39.472 [Gauge] [DEBUG] Sending API response: messageType:GetStepValueResponse messageId:4 stepValueResponse:{stepValue:{}}
10-06-2023 08:06:39.472 [Gauge] [DEBUG] Api Request Received: messageType:GetStepValueRequest messageId:4 stepValueRequest:{}
10-06-2023 08:06:39.472 [Gauge] [DEBUG] Sending API response: messageType:GetStepValueResponse messageId:4 stepValueResponse:{stepValue:{}}
10-06-2023 08:06:39.473 [Gauge] [DEBUG] Api Request Received: messageType:GetStepValueRequest messageId:4 stepValueRequest:{}
10-06-2023 08:06:39.473 [Gauge] [DEBUG] Sending API response: messageType:GetStepValueResponse messageId:4 stepValueResponse:{stepValue:{}}
10-06-2023 08:06:39.481 [Gauge] [DEBUG] Api Request Received: messageType:GetStepValueRequest messageId:4 stepValueRequest:{}
10-06-2023 08:06:39.481 [Gauge] [DEBUG] Sending API response: messageType:GetStepValueResponse messageId:4 stepValueResponse:{stepValue:{}}
10-06-2023 08:06:39.481 [Gauge] [DEBUG] Api Request Received: messageType:GetStepValueRequest messageId:4 stepValueRequest:{}
10-06-2023 08:06:39.481 [Gauge] [DEBUG] Sending API response: messageType:GetStepValueResponse messageId:4 stepValueResponse:{stepValue:{}}
10-06-2023 08:06:39.482 [Gauge] [DEBUG] Api Request Received: messageType:GetStepValueRequest messageId:4 stepValueRequest:{}
10-06-2023 08:06:39.482 [Gauge] [DEBUG] Sending API response: messageType:GetStepValueResponse messageId:4 stepValueResponse:{stepValue:{}}
10-06-2023 08:06:39.482 [Gauge] [DEBUG] Api Request Received: messageType:GetStepValueRequest messageId:4 stepValueRequest:{}
10-06-2023 08:06:39.482 [Gauge] [DEBUG] Sending API response: messageType:GetStepValueResponse messageId:4 stepValueResponse:{stepValue:{}}
10-06-2023 08:06:39.489 [Gauge] [DEBUG] Api Request Received: messageType:GetStepValueRequest messageId:4 stepValueRequest:{}
10-06-2023 08:06:39.489 [Gauge] [DEBUG] Sending API response: messageType:GetStepValueResponse messageId:4 stepValueResponse:{stepValue:{}}
10-06-2023 08:06:39.490 [Gauge] [DEBUG] Api Request Received: messageType:GetStepValueRequest messageId:4 stepValueRequest:{}
10-06-2023 08:06:39.490 [Gauge] [DEBUG] Sending API response: messageType:GetStepValueResponse messageId:4 stepValueResponse:{stepValue:{}}
10-06-2023 08:06:39.490 [Gauge] [DEBUG] Api Request Received: messageType:GetStepValueRequest messageId:4 stepValueRequest:{}
10-06-2023 08:06:39.490 [Gauge] [DEBUG] Sending API response: messageType:GetStepValueResponse messageId:4 stepValueResponse:{stepValue:{}}
10-06-2023 08:06:39.490 [Gauge] [DEBUG] Api Request Received: messageType:GetStepValueRequest messageId:4 stepValueRequest:{}
10-06-2023 08:06:39.490 [Gauge] [DEBUG] Sending API response: messageType:GetStepValueResponse messageId:4 stepValueResponse:{stepValue:{}}
10-06-2023 08:06:39.499 [Gauge] [DEBUG] Api Request Received: messageType:GetStepValueRequest messageId:4 stepValueRequest:{}
10-06-2023 08:06:39.499 [Gauge] [DEBUG] Sending API response: messageType:GetStepValueResponse messageId:4 stepValueResponse:{stepValue:{}}
10-06-2023 08:06:39.499 [Gauge] [DEBUG] Api Request Received: messageType:GetStepValueRequest messageId:4 stepValueRequest:{}
10-06-2023 08:06:39.499 [Gauge] [DEBUG] Sending API response: messageType:GetStepValueResponse messageId:4 stepValueResponse:{stepValue:{}}
10-06-2023 08:06:39.499 [Gauge] [DEBUG] Api Request Received: messageType:GetStepValueRequest messageId:4 stepValueRequest:{}
10-06-2023 08:06:39.499 [Gauge] [DEBUG] Sending API response: messageType:GetStepValueResponse messageId:4 stepValueResponse:{stepValue:{}}
10-06-2023 08:06:39.500 [Gauge] [DEBUG] Api Request Received: messageType:GetStepValueRequest messageId:4 stepValueRequest:{}
10-06-2023 08:06:39.500 [Gauge] [DEBUG] Sending API response: messageType:GetStepValueResponse messageId:4 stepValueResponse:{stepValue:{}}
10-06-2023 08:06:39.608 [Gauge] [DEBUG] Api Request Received: messageType:GetStepValueRequest messageId:4 stepValueRequest:{}
10-06-2023 08:06:39.608 [Gauge] [DEBUG] Sending API response: messageType:GetStepValueResponse messageId:4 stepValueResponse:{stepValue:{}}
10-06-2023 08:06:39.608 [Gauge] [DEBUG] Api Request Received: messageType:GetStepValueRequest messageId:4 stepValueRequest:{}
10-06-2023 08:06:39.608 [Gauge] [DEBUG] Sending API response: messageType:GetStepValueResponse messageId:4 stepValueResponse:{stepValue:{}}
10-06-2023 08:06:39.609 [Gauge] [DEBUG] Api Request Received: messageType:GetStepValueRequest messageId:4 stepValueRequest:{}
10-06-2023 08:06:39.609 [Gauge] [DEBUG] Sending API response: messageType:GetStepValueResponse messageId:4 stepValueResponse:{stepValue:{}}
10-06-2023 08:06:39.609 [Gauge] [DEBUG] Api Request Received: messageType:GetStepValueRequest messageId:4 stepValueRequest:{}
10-06-2023 08:06:39.609 [Gauge] [DEBUG] Sending API response: messageType:GetStepValueResponse messageId:4 stepValueResponse:{stepValue:{}}
10-06-2023 08:06:39.623 [Gauge] [DEBUG] Api Request Received: messageType:GetStepValueRequest messageId:4 stepValueRequest:{}
10-06-2023 08:06:39.623 [Gauge] [DEBUG] Sending API response: messageType:GetStepValueResponse messageId:4 stepValueResponse:{stepValue:{}}
10-06-2023 08:06:39.624 [Gauge] [DEBUG] Api Request Received: messageType:GetStepValueRequest messageId:4 stepValueRequest:{}
10-06-2023 08:06:39.624 [Gauge] [DEBUG] Sending API response: messageType:GetStepValueResponse messageId:4 stepValueResponse:{stepValue:{}}
10-06-2023 08:06:39.624 [Gauge] [DEBUG] Api Request Received: messageType:GetStepValueRequest messageId:4 stepValueRequest:{}
10-06-2023 08:06:39.624 [Gauge] [DEBUG] Sending API response: messageType:GetStepValueResponse messageId:4 stepValueResponse:{stepValue:{}}
10-06-2023 08:06:39.624 [Gauge] [DEBUG] Api Request Received: messageType:GetStepValueRequest messageId:4 stepValueRequest:{}
10-06-2023 08:06:39.624 [Gauge] [DEBUG] Sending API response: messageType:GetStepValueResponse messageId:4 stepValueResponse:{stepValue:{}}
10-06-2023 08:06:39.638 [Gauge] [DEBUG] Api Request Received: messageType:GetStepValueRequest messageId:4 stepValueRequest:{}
10-06-2023 08:06:39.638 [Gauge] [DEBUG] Sending API response: messageType:GetStepValueResponse messageId:4 stepValueResponse:{stepValue:{}}
10-06-2023 08:06:39.638 [Gauge] [DEBUG] Api Request Received: messageType:GetStepValueRequest messageId:4 stepValueRequest:{}
10-06-2023 08:06:39.638 [Gauge] [DEBUG] Sending API response: messageType:GetStepValueResponse messageId:4 stepValueResponse:{stepValue:{}}
10-06-2023 08:06:39.640 [Gauge] [DEBUG] Api Request Received: messageType:GetStepValueRequest messageId:4 stepValueRequest:{}
10-06-2023 08:06:39.640 [Gauge] [DEBUG] Sending API response: messageType:GetStepValueResponse messageId:4 stepValueResponse:{stepValue:{}}
10-06-2023 08:06:39.640 [Gauge] [DEBUG] Api Request Received: messageType:GetStepValueRequest messageId:4 stepValueRequest:{}
10-06-2023 08:06:39.641 [Gauge] [DEBUG] Sending API response: messageType:GetStepValueResponse messageId:4 stepValueResponse:{stepValue:{}}
10-06-2023 08:06:39.653 [Gauge] [DEBUG] Api Request Received: messageType:GetStepValueRequest messageId:4 stepValueRequest:{}
10-06-2023 08:06:39.653 [Gauge] [DEBUG] Sending API response: messageType:GetStepValueResponse messageId:4 stepValueResponse:{stepValue:{}}
10-06-2023 08:06:39.654 [Gauge] [DEBUG] Api Request Received: messageType:GetStepValueRequest messageId:4 stepValueRequest:{}
10-06-2023 08:06:39.654 [Gauge] [DEBUG] Sending API response: messageType:GetStepValueResponse messageId:4 stepValueResponse:{stepValue:{}}
10-06-2023 08:06:39.654 [Gauge] [DEBUG] Api Request Received: messageType:GetStepValueRequest messageId:4 stepValueRequest:{}
10-06-2023 08:06:39.654 [Gauge] [DEBUG] Sending API response: messageType:GetStepValueResponse messageId:4 stepValueResponse:{stepValue:{}}
10-06-2023 08:06:39.655 [Gauge] [DEBUG] Api Request Received: messageType:GetStepValueRequest messageId:4 stepValueRequest:{}
10-06-2023 08:06:39.655 [Gauge] [DEBUG] Sending API response: messageType:GetStepValueResponse messageId:4 stepValueResponse:{stepValue:{}}
10-06-2023 08:06:39.672 [Gauge] [DEBUG] Api Request Received: messageType:GetStepValueRequest messageId:4 stepValueRequest:{}
10-06-2023 08:06:39.672 [Gauge] [DEBUG] Sending API response: messageType:GetStepValueResponse messageId:4 stepValueResponse:{stepValue:{}}
10-06-2023 08:06:39.672 [Gauge] [DEBUG] Api Request Received: messageType:GetStepValueRequest messageId:4 stepValueRequest:{}
10-06-2023 08:06:39.672 [Gauge] [DEBUG] Sending API response: messageType:GetStepValueResponse messageId:4 stepValueResponse:{stepValue:{}}
10-06-2023 08:06:39.672 [Gauge] [DEBUG] Api Request Received: messageType:GetStepValueRequest messageId:4 stepValueRequest:{}
10-06-2023 08:06:39.672 [Gauge] [DEBUG] Sending API response: messageType:GetStepValueResponse messageId:4 stepValueResponse:{stepValue:{}}
10-06-2023 08:06:39.673 [Gauge] [DEBUG] Api Request Received: messageType:GetStepValueRequest messageId:4 stepValueRequest:{}
10-06-2023 08:06:39.673 [Gauge] [DEBUG] Sending API response: messageType:GetStepValueResponse messageId:4 stepValueResponse:{stepValue:{}}
10-06-2023 08:06:39.688 [Gauge] [DEBUG] Api Request Received: messageType:GetStepValueRequest messageId:4 stepValueRequest:{}
10-06-2023 08:06:39.688 [Gauge] [DEBUG] Sending API response: messageType:GetStepValueResponse messageId:4 stepValueResponse:{stepValue:{}}
10-06-2023 08:06:39.688 [Gauge] [DEBUG] Api Request Received: messageType:GetStepValueRequest messageId:4 stepValueRequest:{}
10-06-2023 08:06:39.689 [Gauge] [DEBUG] Sending API response: messageType:GetStepValueResponse messageId:4 stepValueResponse:{stepValue:{}}
10-06-2023 08:06:39.689 [Gauge] [DEBUG] Api Request Received: messageType:GetStepValueRequest messageId:4 stepValueRequest:{}
10-06-2023 08:06:39.689 [Gauge] [DEBUG] Sending API response: messageType:GetStepValueResponse messageId:4 stepValueResponse:{stepValue:{}}
10-06-2023 08:06:39.690 [Gauge] [DEBUG] Api Request Received: messageType:GetStepValueRequest messageId:4 stepValueRequest:{}
10-06-2023 08:06:39.690 [Gauge] [DEBUG] Sending API response: messageType:GetStepValueResponse messageId:4 stepValueResponse:{stepValue:{}}
10-06-2023 08:06:39.700 [Gauge] [DEBUG] Api Request Received: messageType:GetStepValueRequest messageId:4 stepValueRequest:{}
10-06-2023 08:06:39.700 [Gauge] [DEBUG] Sending API response: messageType:GetStepValueResponse messageId:4 stepValueResponse:{stepValue:{}}
10-06-2023 08:06:39.700 [Gauge] [DEBUG] Api Request Received: messageType:GetStepValueRequest messageId:4 stepValueRequest:{}
10-06-2023 08:06:39.700 [Gauge] [DEBUG] Sending API response: messageType:GetStepValueResponse messageId:4 stepValueResponse:{stepValue:{}}
10-06-2023 08:06:39.700 [Gauge] [DEBUG] Api Request Received: messageType:GetStepValueRequest messageId:4 stepValueRequest:{}
10-06-2023 08:06:39.700 [Gauge] [DEBUG] Sending API response: messageType:GetStepValueResponse messageId:4 stepValueResponse:{stepValue:{}}
10-06-2023 08:06:39.700 [Gauge] [DEBUG] Api Request Received: messageType:GetStepValueRequest messageId:4 stepValueRequest:{}
10-06-2023 08:06:39.701 [Gauge] [DEBUG] Sending API response: messageType:GetStepValueResponse messageId:4 stepValueResponse:{stepValue:{}}
10-06-2023 08:06:39.743 [Gauge] [DEBUG] Api Request Received: messageType:GetStepValueRequest messageId:4 stepValueRequest:{}
10-06-2023 08:06:39.743 [Gauge] [DEBUG] Sending API response: messageType:GetStepValueResponse messageId:4 stepValueResponse:{stepValue:{}}
10-06-2023 08:06:39.743 [Gauge] [DEBUG] Api Request Received: messageType:GetStepValueRequest messageId:4 stepValueRequest:{}
10-06-2023 08:06:39.743 [Gauge] [DEBUG] Sending API response: messageType:GetStepValueResponse messageId:4 stepValueResponse:{stepValue:{}}
10-06-2023 08:06:39.756 [Gauge] [DEBUG] Api Request Received: messageType:GetStepValueRequest messageId:4 stepValueRequest:{}
10-06-2023 08:06:39.756 [Gauge] [DEBUG] Sending API response: messageType:GetStepValueResponse messageId:4 stepValueResponse:{stepValue:{}}
10-06-2023 08:06:39.757 [Gauge] [DEBUG] Api Request Received: messageType:GetStepValueRequest messageId:4 stepValueRequest:{}
10-06-2023 08:06:39.757 [Gauge] [DEBUG] Sending API response: messageType:GetStepValueResponse messageId:4 stepValueResponse:{stepValue:{}}
10-06-2023 08:06:39.758 [Gauge] [DEBUG] Api Request Received: messageType:GetStepValueRequest messageId:4 stepValueRequest:{}
10-06-2023 08:06:39.758 [Gauge] [DEBUG] Sending API response: messageType:GetStepValueResponse messageId:4 stepValueResponse:{stepValue:{}}
10-06-2023 08:06:39.758 [Gauge] [DEBUG] Api Request Received: messageType:GetStepValueRequest messageId:4 stepValueRequest:{}
10-06-2023 08:06:39.758 [Gauge] [DEBUG] Sending API response: messageType:GetStepValueResponse messageId:4 stepValueResponse:{stepValue:{}}
10-06-2023 08:06:39.768 [Gauge] [DEBUG] Api Request Received: messageType:GetStepValueRequest messageId:4 stepValueRequest:{}
10-06-2023 08:06:39.768 [Gauge] [DEBUG] Sending API response: messageType:GetStepValueResponse messageId:4 stepValueResponse:{stepValue:{}}
10-06-2023 08:06:39.769 [Gauge] [DEBUG] Api Request Received: messageType:GetStepValueRequest messageId:4 stepValueRequest:{}
10-06-2023 08:06:39.769 [Gauge] [DEBUG] Sending API response: messageType:GetStepValueResponse messageId:4 stepValueResponse:{stepValue:{}}
10-06-2023 08:06:39.769 [Gauge] [DEBUG] Api Request Received: messageType:GetStepValueRequest messageId:4 stepValueRequest:{}
10-06-2023 08:06:39.769 [Gauge] [DEBUG] Sending API response: messageType:GetStepValueResponse messageId:4 stepValueResponse:{stepValue:{}}
10-06-2023 08:06:39.770 [Gauge] [DEBUG] Api Request Received: messageType:GetStepValueRequest messageId:4 stepValueRequest:{}
10-06-2023 08:06:39.770 [Gauge] [DEBUG] Sending API response: messageType:GetStepValueResponse messageId:4 stepValueResponse:{stepValue:{}}
10-06-2023 08:06:39.785 [Gauge] [DEBUG] Api Request Received: messageType:GetStepValueRequest messageId:4 stepValueRequest:{}
10-06-2023 08:06:39.785 [Gauge] [DEBUG] Sending API response: messageType:GetStepValueResponse messageId:4 stepValueResponse:{stepValue:{}}
10-06-2023 08:06:39.785 [Gauge] [DEBUG] Api Request Received: messageType:GetStepValueRequest messageId:4 stepValueRequest:{}
10-06-2023 08:06:39.785 [Gauge] [DEBUG] Sending API response: messageType:GetStepValueResponse messageId:4 stepValueResponse:{stepValue:{}}
10-06-2023 08:06:39.785 [Gauge] [DEBUG] Api Request Received: messageType:GetStepValueRequest messageId:4 stepValueRequest:{}
10-06-2023 08:06:39.785 [Gauge] [DEBUG] Sending API response: messageType:GetStepValueResponse messageId:4 stepValueResponse:{stepValue:{}}
10-06-2023 08:06:39.786 [Gauge] [DEBUG] Api Request Received: messageType:GetStepValueRequest messageId:4 stepValueRequest:{}
10-06-2023 08:06:39.786 [Gauge] [DEBUG] Sending API response: messageType:GetStepValueResponse messageId:4 stepValueResponse:{stepValue:{}}
10-06-2023 08:06:39.801 [Gauge] [DEBUG] Api Request Received: messageType:GetStepValueRequest messageId:4 stepValueRequest:{}
10-06-2023 08:06:39.801 [Gauge] [DEBUG] Sending API response: messageType:GetStepValueResponse messageId:4 stepValueResponse:{stepValue:{}}
10-06-2023 08:06:39.801 [Gauge] [DEBUG] Api Request Received: messageType:GetStepValueRequest messageId:4 stepValueRequest:{}
10-06-2023 08:06:39.801 [Gauge] [DEBUG] Sending API response: messageType:GetStepValueResponse messageId:4 stepValueResponse:{stepValue:{}}
10-06-2023 08:06:39.802 [Gauge] [DEBUG] Api Request Received: messageType:GetStepValueRequest messageId:4 stepValueRequest:{}
10-06-2023 08:06:39.802 [Gauge] [DEBUG] Sending API response: messageType:GetStepValueResponse messageId:4 stepValueResponse:{stepValue:{}}
10-06-2023 08:06:39.802 [Gauge] [DEBUG] Api Request Received: messageType:GetStepValueRequest messageId:4 stepValueRequest:{}
10-06-2023 08:06:39.802 [Gauge] [DEBUG] Sending API response: messageType:GetStepValueResponse messageId:4 stepValueResponse:{stepValue:{}}
10-06-2023 08:06:39.813 [Gauge] [DEBUG] Api Request Received: messageType:GetStepValueRequest messageId:4 stepValueRequest:{}
10-06-2023 08:06:39.813 [Gauge] [DEBUG] Sending API response: messageType:GetStepValueResponse messageId:4 stepValueResponse:{stepValue:{}}
10-06-2023 08:06:39.813 [Gauge] [DEBUG] Api Request Received: messageType:GetStepValueRequest messageId:4 stepValueRequest:{}
10-06-2023 08:06:39.813 [Gauge] [DEBUG] Sending API response: messageType:GetStepValueResponse messageId:4 stepValueResponse:{stepValue:{}}
10-06-2023 08:06:39.813 [Gauge] [DEBUG] Api Request Received: messageType:GetStepValueRequest messageId:4 stepValueRequest:{}
10-06-2023 08:06:39.813 [Gauge] [DEBUG] Sending API response: messageType:GetStepValueResponse messageId:4 stepValueResponse:{stepValue:{}}
10-06-2023 08:06:39.813 [Gauge] [DEBUG] Api Request Received: messageType:GetStepValueRequest messageId:4 stepValueRequest:{}
10-06-2023 08:06:39.813 [Gauge] [DEBUG] Sending API response: messageType:GetStepValueResponse messageId:4 stepValueResponse:{stepValue:{}}
10-06-2023 08:06:39.820 [Gauge] [DEBUG] Api Request Received: messageType:GetStepValueRequest messageId:4 stepValueRequest:{}
10-06-2023 08:06:39.820 [Gauge] [DEBUG] Sending API response: messageType:GetStepValueResponse messageId:4 stepValueResponse:{stepValue:{}}
10-06-2023 08:06:39.821 [Gauge] [DEBUG] Api Request Received: messageType:GetStepValueRequest messageId:4 stepValueRequest:{}
10-06-2023 08:06:39.821 [Gauge] [DEBUG] Sending API response: messageType:GetStepValueResponse messageId:4 stepValueResponse:{stepValue:{}}
10-06-2023 08:06:39.821 [Gauge] [DEBUG] Api Request Received: messageType:GetStepValueRequest messageId:4 stepValueRequest:{}
10-06-2023 08:06:39.821 [Gauge] [DEBUG] Sending API response: messageType:GetStepValueResponse messageId:4 stepValueResponse:{stepValue:{}}
10-06-2023 08:06:39.821 [Gauge] [DEBUG] Api Request Received: messageType:GetStepValueRequest messageId:4 stepValueRequest:{}
10-06-2023 08:06:39.821 [Gauge] [DEBUG] Sending API response: messageType:GetStepValueResponse messageId:4 stepValueResponse:{stepValue:{}}
10-06-2023 08:06:39.829 [Gauge] [DEBUG] Api Request Received: messageType:GetStepValueRequest messageId:4 stepValueRequest:{}
10-06-2023 08:06:39.829 [Gauge] [DEBUG] Sending API response: messageType:GetStepValueResponse messageId:4 stepValueResponse:{stepValue:{}}
10-06-2023 08:06:39.829 [Gauge] [DEBUG] Api Request Received: messageType:GetStepValueRequest messageId:4 stepValueRequest:{}
10-06-2023 08:06:39.829 [Gauge] [DEBUG] Sending API response: messageType:GetStepValueResponse messageId:4 stepValueResponse:{stepValue:{}}
10-06-2023 08:06:39.829 [Gauge] [DEBUG] Api Request Received: messageType:GetStepValueRequest messageId:4 stepValueRequest:{}
10-06-2023 08:06:39.829 [Gauge] [DEBUG] Sending API response: messageType:GetStepValueResponse messageId:4 stepValueResponse:{stepValue:{}}
10-06-2023 08:06:39.830 [Gauge] [DEBUG] Api Request Received: messageType:GetStepValueRequest messageId:4 stepValueRequest:{}
10-06-2023 08:06:39.830 [Gauge] [DEBUG] Sending API response: messageType:GetStepValueResponse messageId:4 stepValueResponse:{stepValue:{}}
10-06-2023 08:06:39.838 [Gauge] [DEBUG] Api Request Received: messageType:GetStepValueRequest messageId:4 stepValueRequest:{}
10-06-2023 08:06:39.838 [Gauge] [DEBUG] Sending API response: messageType:GetStepValueResponse messageId:4 stepValueResponse:{stepValue:{}}
10-06-2023 08:06:39.838 [Gauge] [DEBUG] Api Request Received: messageType:GetStepValueRequest messageId:4 stepValueRequest:{}
10-06-2023 08:06:39.838 [Gauge] [DEBUG] Sending API response: messageType:GetStepValueResponse messageId:4 stepValueResponse:{stepValue:{}}
10-06-2023 08:06:39.839 [Gauge] [DEBUG] Api Request Received: messageType:GetStepValueRequest messageId:4 stepValueRequest:{}
10-06-2023 08:06:39.839 [Gauge] [DEBUG] Sending API response: messageType:GetStepValueResponse messageId:4 stepValueResponse:{stepValue:{}}
10-06-2023 08:06:39.839 [Gauge] [DEBUG] Api Request Received: messageType:GetStepValueRequest messageId:4 stepValueRequest:{}
10-06-2023 08:06:39.839 [Gauge] [DEBUG] Sending API response: messageType:GetStepValueResponse messageId:4 stepValueResponse:{stepValue:{}}
10-06-2023 08:06:39.847 [Gauge] [DEBUG] Api Request Received: messageType:GetStepValueRequest messageId:4 stepValueRequest:{}
10-06-2023 08:06:39.847 [Gauge] [DEBUG] Sending API response: messageType:GetStepValueResponse messageId:4 stepValueResponse:{stepValue:{}}
10-06-2023 08:06:39.847 [Gauge] [DEBUG] Api Request Received: messageType:GetStepValueRequest messageId:4 stepValueRequest:{}
10-06-2023 08:06:39.847 [Gauge] [DEBUG] Sending API response: messageType:GetStepValueResponse messageId:4 stepValueResponse:{stepValue:{}}
10-06-2023 08:06:39.848 [Gauge] [DEBUG] Api Request Received: messageType:GetStepValueRequest messageId:4 stepValueRequest:{}
10-06-2023 08:06:39.848 [Gauge] [DEBUG] Sending API response: messageType:GetStepValueResponse messageId:4 stepValueResponse:{stepValue:{}}
10-06-2023 08:06:39.848 [Gauge] [DEBUG] Api Request Received: messageType:GetStepValueRequest messageId:4 stepValueRequest:{}
10-06-2023 08:06:39.848 [Gauge] [DEBUG] Sending API response: messageType:GetStepValueResponse messageId:4 stepValueResponse:{stepValue:{}}
10-06-2023 08:06:39.868 [Gauge] [DEBUG] Api Request Received: messageType:GetStepValueRequest messageId:4 stepValueRequest:{stepText:"t"}
10-06-2023 08:06:39.868 [Gauge] [DEBUG] Sending API response: messageType:GetStepValueResponse messageId:4 stepValueResponse:{stepValue:{stepValue:"t" parameterizedStepValue:"t"}}
10-06-2023 08:06:39.873 [Gauge] [DEBUG] Api Request Received: messageType:GetAllStepsRequest messageId:2 allStepsRequest:{}
10-06-2023 08:06:39.873 [Gauge] [DEBUG] Sending API response: messageType:GetAllStepResponse messageId:2 allStepsResponse:{allSteps:{stepValue:"{} elementine {} texti yazılır" parameterizedStepValue:"<nereyePlaceholder> elementine <Nereye> texti yazılır" parameters:"nereyePlaceholder" parameters:"Nereye"} allSteps:{stepValue:"Gün-Ay-Yıl(ddMMyy) formatında {}-{}-{} bilet tarihi girişi yapılır" parameterizedStepValue:"Gün-Ay-Yıl(ddMMyy) formatında <02>-<09>-<2023> bilet tarihi girişi yapılır" parameters:"02" parameters:"09" parameters:"2023"} allSteps:{stepValue:"{} elementine javascript ile tıklanır" parameterizedStepValue:"<donusTarihiPlaceholder> elementine javascript ile tıklanır" parameters:"donusTarihiPlaceholder"} allSteps:{stepValue:"{} checkboxı seçili degilse seçilir" parameterizedStepValue:"<aktarmasizCheckbox> checkboxı seçili degilse seçilir" parameters:"aktarmasizCheckbox"} allSteps:{stepValue:"{} elementinin görünürlüğü kontrol edilir" parameterizedStepValue:"<aramayiFavorilereEkleButonu> elementinin görünürlüğü kontrol edilir" parameters:"aramayiFavorilereEkleButonu"} allSteps:{stepValue:"{} elementine tıklanır" parameterizedStepValue:"<ucuzBiletBulButonu> elementine tıklanır" parameters:"ucuzBiletBulButonu"} allSteps:{stepValue:"{} adresine gidilir" parameterizedStepValue:"<https://www.enuygun.com/> adresine gidilir" parameters:"https://www.enuygun.com/"} allSteps:{stepValue:"{} checkboxı seçili ise seçim kaldırılır" parameterizedStepValue:"<tekYonCheckbox> checkboxı seçili ise seçim kaldırılır" parameters:"tekYonCheckbox"} allSteps:{stepValue:"{} biletini {} adet {} biletini {} adet {} biletini {} adet {} biletini {} {} biletini {} adet arttır" parameterizedStepValue:"<yetiskinYolcuSayisiArttirmaButonu> biletini <2> adet <cocukYolcuSayisiArttirmaButonu> biletini <1> adet <bebekYolcuSayisiArttirmaButonu> biletini <2> adet <65YasYolcuSayisiArttirmaButonu> biletini <3> <ogrenciYolcuSayisiArttirmaButonu> biletini <2> adet arttır" parameters:"yetiskinYolcuSayisiArttirmaButonu" parameters:"2" parameters:"cocukYolcuSayisiArttirmaButonu" parameters:"1" parameters:"bebekYolcuSayisiArttirmaButonu" parameters:"2" parameters:"65YasYolcuSayisiArttirmaButonu" parameters:"3" parameters:"ogrenciYolcuSayisiArttirmaButonu" parameters:"2"}}
10-06-2023 08:06:39.873 [Gauge] [DEBUG] Api Request Received: messageType:GetAllConceptsRequest messageId:6 allConceptsRequest:{}
10-06-2023 08:06:39.873 [Gauge] [DEBUG] Sending API response: messageType:GetAllConceptsResponse messageId:6 allConceptsResponse:{concepts:{stepValue:{stepValue:"Gidiş Yönüne Için {} Şehir veya Havalimanı Seçilir" parameterizedStepValue:"Gidiş Yönüne Için <Nereden> Şehir veya Havalimanı Seçilir" parameters:"Nereden"} filepath:"/Users/testinium/Desktop/EnuygunWebProject/specs/concept/enuygun.cpt" lineNumber:1} concepts:{stepValue:{stepValue:"Varış Noktası Için {} Şehir veya Havalimanı Seçilir" parameterizedStepValue:"Varış Noktası Için <Nereye> Şehir veya Havalimanı Seçilir" parameters:"Nereye"} filepath:"/Users/testinium/Desktop/EnuygunWebProject/specs/concept/enuygun.cpt" lineNumber:6}}
10-06-2023 08:06:40.178 [Gauge] [DEBUG] Api Request Received: messageType:GetStepValueRequest messageId:4 stepValueRequest:{stepText:"tı"}
10-06-2023 08:06:40.178 [Gauge] [DEBUG] Sending API response: messageType:GetStepValueResponse messageId:4 stepValueResponse:{stepValue:{stepValue:"tı" parameterizedStepValue:"tı"}}
10-06-2023 08:06:40.330 [Gauge] [DEBUG] Api Request Received: messageType:GetStepValueRequest messageId:4 stepValueRequest:{stepText:"tık"}
10-06-2023 08:06:40.330 [Gauge] [DEBUG] Sending API response: messageType:GetStepValueResponse messageId:4 stepValueResponse:{stepValue:{stepValue:"tık" parameterizedStepValue:"tık"}}
10-06-2023 08:06:46.858 [Gauge] [DEBUG] Api Request Received: messageType:GetStepValueRequest messageId:4 stepValueRequest:{stepText:"\"ucakBiletiTab\" elementine tıklanır"}
10-06-2023 08:06:46.858 [Gauge] [DEBUG] Sending API response: messageType:GetStepValueResponse messageId:4 stepValueResponse:{stepValue:{stepValue:"{} elementine tıklanır" parameterizedStepValue:"<ucakBiletiTab> elementine tıklanır" parameters:"ucakBiletiTab"}}
10-06-2023 08:06:52.052 [Gauge] [DEBUG] Spec file added / modified: /Users/testinium/Desktop/EnuygunWebProject/specs/specs/enuygun.spec
10-06-2023 08:12:28.258 [Gauge] [DEBUG] Spec file added / modified: /Users/testinium/Desktop/EnuygunWebProject/specs/specs/enuygun.spec
